INFO - 2023-05-29 21:36:40 --> Session: Class initialized using 'CodeIgniter\Session\Handlers\FileHandler' driver.
ERROR - 2023-05-29 21:37:13 --> mysqli_sql_exception: Table 'asesorias.usuarios' doesn't exist in /run/media/usrx/DEVELOPMENT/development/Proyectos/ITST/asesorias/system/Database/MySQLi/Connection.php:295
Stack trace:
#0 /run/media/usrx/DEVELOPMENT/development/Proyectos/ITST/asesorias/system/Database/MySQLi/Connection.php(295): mysqli->query()
#1 /run/media/usrx/DEVELOPMENT/development/Proyectos/ITST/asesorias/system/Database/BaseConnection.php(691): CodeIgniter\Database\MySQLi\Connection->execute()
#2 /run/media/usrx/DEVELOPMENT/development/Proyectos/ITST/asesorias/system/Database/BaseConnection.php(605): CodeIgniter\Database\BaseConnection->simpleQuery()
#3 /run/media/usrx/DEVELOPMENT/development/Proyectos/ITST/asesorias/system/Database/BaseBuilder.php(1801): CodeIgniter\Database\BaseConnection->query()
#4 /run/media/usrx/DEVELOPMENT/development/Proyectos/ITST/asesorias/system/Database/BaseBuilder.php(2192): CodeIgniter\Database\BaseBuilder->batchExecute()
#5 /run/media/usrx/DEVELOPMENT/development/Proyectos/ITST/asesorias/system/Model.php(364): CodeIgniter\Database\BaseBuilder->insertBatch()
#6 /run/media/usrx/DEVELOPMENT/development/Proyectos/ITST/asesorias/system/BaseModel.php(874): CodeIgniter\Model->doInsertBatch()
#7 /run/media/usrx/DEVELOPMENT/development/Proyectos/ITST/asesorias/app/Database/Seeds/Usuario.php(17): CodeIgniter\BaseModel->insertBatch()
#8 /run/media/usrx/DEVELOPMENT/development/Proyectos/ITST/asesorias/system/Database/Seeder.php(146): App\Database\Seeds\Usuario->run()
#9 /run/media/usrx/DEVELOPMENT/development/Proyectos/ITST/asesorias/system/Commands/Database/Seed.php(77): CodeIgniter\Database\Seeder->call()
#10 /run/media/usrx/DEVELOPMENT/development/Proyectos/ITST/asesorias/system/CLI/Commands.php(65): CodeIgniter\Commands\Database\Seed->run()
#11 /run/media/usrx/DEVELOPMENT/development/Proyectos/ITST/asesorias/system/CLI/Console.php(37): CodeIgniter\CLI\Commands->run()
#12 /run/media/usrx/DEVELOPMENT/development/Proyectos/ITST/asesorias/spark(97): CodeIgniter\CLI\Console->run()
#13 {main}
ERROR - 2023-05-29 21:37:51 --> mysqli_sql_exception: Cannot add or update a child row: a foreign key constraint fails (`asesorias`.`profesores`, CONSTRAINT `profesores_area_foreign` FOREIGN KEY (`area`) REFERENCES `areas` (`id`)) in /run/media/usrx/DEVELOPMENT/development/Proyectos/ITST/asesorias/system/Database/MySQLi/Connection.php:295
Stack trace:
#0 /run/media/usrx/DEVELOPMENT/development/Proyectos/ITST/asesorias/system/Database/MySQLi/Connection.php(295): mysqli->query()
#1 /run/media/usrx/DEVELOPMENT/development/Proyectos/ITST/asesorias/system/Database/BaseConnection.php(691): CodeIgniter\Database\MySQLi\Connection->execute()
#2 /run/media/usrx/DEVELOPMENT/development/Proyectos/ITST/asesorias/system/Database/BaseConnection.php(605): CodeIgniter\Database\BaseConnection->simpleQuery()
#3 /run/media/usrx/DEVELOPMENT/development/Proyectos/ITST/asesorias/system/Database/BaseBuilder.php(1801): CodeIgniter\Database\BaseConnection->query()
#4 /run/media/usrx/DEVELOPMENT/development/Proyectos/ITST/asesorias/system/Database/BaseBuilder.php(2192): CodeIgniter\Database\BaseBuilder->batchExecute()
#5 /run/media/usrx/DEVELOPMENT/development/Proyectos/ITST/asesorias/system/Model.php(364): CodeIgniter\Database\BaseBuilder->insertBatch()
#6 /run/media/usrx/DEVELOPMENT/development/Proyectos/ITST/asesorias/system/BaseModel.php(874): CodeIgniter\Model->doInsertBatch()
#7 /run/media/usrx/DEVELOPMENT/development/Proyectos/ITST/asesorias/app/Database/Seeds/Profesor.php(14): CodeIgniter\BaseModel->insertBatch()
#8 /run/media/usrx/DEVELOPMENT/development/Proyectos/ITST/asesorias/system/Database/Seeder.php(146): App\Database\Seeds\Profesor->run()
#9 /run/media/usrx/DEVELOPMENT/development/Proyectos/ITST/asesorias/system/Commands/Database/Seed.php(77): CodeIgniter\Database\Seeder->call()
#10 /run/media/usrx/DEVELOPMENT/development/Proyectos/ITST/asesorias/system/CLI/Commands.php(65): CodeIgniter\Commands\Database\Seed->run()
#11 /run/media/usrx/DEVELOPMENT/development/Proyectos/ITST/asesorias/system/CLI/Console.php(37): CodeIgniter\CLI\Commands->run()
#12 /run/media/usrx/DEVELOPMENT/development/Proyectos/ITST/asesorias/spark(97): CodeIgniter\CLI\Console->run()
#13 {main}
INFO - 2023-05-29 21:38:43 --> Session: Class initialized using 'CodeIgniter\Session\Handlers\FileHandler' driver.
INFO - 2023-05-29 21:38:43 --> Session: Class initialized using 'CodeIgniter\Session\Handlers\FileHandler' driver.
INFO - 2023-05-29 21:38:53 --> Session: Class initialized using 'CodeIgniter\Session\Handlers\FileHandler' driver.
WARNING - 2023-05-29 21:38:53 --> [DEPRECATED] Creation of dynamic property App\Controllers\Admin\AsignaturaController::$session is deprecated in APPPATH/Controllers/Admin/AsignaturaController.php on line 16.
 1 SYSTEMPATH/CodeIgniter.php(906): App\Controllers\Admin\AsignaturaController->__construct()
 2 SYSTEMPATH/CodeIgniter.php(490): CodeIgniter\CodeIgniter->createController()
 3 SYSTEMPATH/CodeIgniter.php(368): CodeIgniter\CodeIgniter->handleRequest(null, Object(Config\Cache), false)
 4 FCPATH/index.php(67): CodeIgniter\CodeIgniter->run()
 5 SYSTEMPATH/Commands/Server/rewrite.php(47): require_once('/run/media/usrx/DEVELOPMENT/development/Proyectos/ITST/asesorias/public/index.php')
INFO - 2023-05-29 21:38:55 --> Session: Class initialized using 'CodeIgniter\Session\Handlers\FileHandler' driver.
WARNING - 2023-05-29 21:38:55 --> [DEPRECATED] Creation of dynamic property App\Controllers\Admin\ProfesorController::$session is deprecated in APPPATH/Controllers/Admin/ProfesorController.php on line 17.
 1 SYSTEMPATH/CodeIgniter.php(906): App\Controllers\Admin\ProfesorController->__construct()
 2 SYSTEMPATH/CodeIgniter.php(490): CodeIgniter\CodeIgniter->createController()
 3 SYSTEMPATH/CodeIgniter.php(368): CodeIgniter\CodeIgniter->handleRequest(null, Object(Config\Cache), false)
 4 FCPATH/index.php(67): CodeIgniter\CodeIgniter->run()
 5 SYSTEMPATH/Commands/Server/rewrite.php(47): require_once('/run/media/usrx/DEVELOPMENT/development/Proyectos/ITST/asesorias/public/index.php')
INFO - 2023-05-29 21:39:01 --> Session: Class initialized using 'CodeIgniter\Session\Handlers\FileHandler' driver.
WARNING - 2023-05-29 21:39:01 --> [DEPRECATED] Creation of dynamic property App\Controllers\Admin\ProfesorController::$session is deprecated in APPPATH/Controllers/Admin/ProfesorController.php on line 17.
 1 SYSTEMPATH/CodeIgniter.php(906): App\Controllers\Admin\ProfesorController->__construct()
 2 SYSTEMPATH/CodeIgniter.php(490): CodeIgniter\CodeIgniter->createController()
 3 SYSTEMPATH/CodeIgniter.php(368): CodeIgniter\CodeIgniter->handleRequest(null, Object(Config\Cache), false)
 4 FCPATH/index.php(67): CodeIgniter\CodeIgniter->run()
 5 SYSTEMPATH/Commands/Server/rewrite.php(47): require_once('/run/media/usrx/DEVELOPMENT/development/Proyectos/ITST/asesorias/public/index.php')
INFO - 2023-05-29 21:39:03 --> Session: Class initialized using 'CodeIgniter\Session\Handlers\FileHandler' driver.
WARNING - 2023-05-29 21:39:03 --> [DEPRECATED] Creation of dynamic property App\Controllers\Admin\ProfesorController::$session is deprecated in APPPATH/Controllers/Admin/ProfesorController.php on line 17.
 1 SYSTEMPATH/CodeIgniter.php(906): App\Controllers\Admin\ProfesorController->__construct()
 2 SYSTEMPATH/CodeIgniter.php(490): CodeIgniter\CodeIgniter->createController()
 3 SYSTEMPATH/CodeIgniter.php(368): CodeIgniter\CodeIgniter->handleRequest(null, Object(Config\Cache), false)
 4 FCPATH/index.php(67): CodeIgniter\CodeIgniter->run()
 5 SYSTEMPATH/Commands/Server/rewrite.php(47): require_once('/run/media/usrx/DEVELOPMENT/development/Proyectos/ITST/asesorias/public/index.php')
INFO - 2023-05-29 21:40:51 --> Session: Class initialized using 'CodeIgniter\Session\Handlers\FileHandler' driver.
WARNING - 2023-05-29 21:40:51 --> [DEPRECATED] Creation of dynamic property App\Controllers\Admin\ProfesorController::$session is deprecated in APPPATH/Controllers/Admin/ProfesorController.php on line 17.
 1 SYSTEMPATH/CodeIgniter.php(906): App\Controllers\Admin\ProfesorController->__construct()
 2 SYSTEMPATH/CodeIgniter.php(490): CodeIgniter\CodeIgniter->createController()
 3 SYSTEMPATH/CodeIgniter.php(368): CodeIgniter\CodeIgniter->handleRequest(null, Object(Config\Cache), false)
 4 FCPATH/index.php(67): CodeIgniter\CodeIgniter->run()
 5 SYSTEMPATH/Commands/Server/rewrite.php(47): require_once('/run/media/usrx/DEVELOPMENT/development/Proyectos/ITST/asesorias/public/index.php')
INFO - 2023-05-29 21:41:05 --> Session: Class initialized using 'CodeIgniter\Session\Handlers\FileHandler' driver.
WARNING - 2023-05-29 21:41:05 --> [DEPRECATED] Creation of dynamic property App\Controllers\Admin\ProfesorController::$session is deprecated in APPPATH/Controllers/Admin/ProfesorController.php on line 17.
 1 SYSTEMPATH/CodeIgniter.php(906): App\Controllers\Admin\ProfesorController->__construct()
 2 SYSTEMPATH/CodeIgniter.php(490): CodeIgniter\CodeIgniter->createController()
 3 SYSTEMPATH/CodeIgniter.php(368): CodeIgniter\CodeIgniter->handleRequest(null, Object(Config\Cache), false)
 4 FCPATH/index.php(67): CodeIgniter\CodeIgniter->run()
 5 SYSTEMPATH/Commands/Server/rewrite.php(47): require_once('/run/media/usrx/DEVELOPMENT/development/Proyectos/ITST/asesorias/public/index.php')
INFO - 2023-05-29 21:41:15 --> Session: Class initialized using 'CodeIgniter\Session\Handlers\FileHandler' driver.
WARNING - 2023-05-29 21:41:15 --> [DEPRECATED] Creation of dynamic property App\Controllers\Admin\ProfesorController::$session is deprecated in APPPATH/Controllers/Admin/ProfesorController.php on line 17.
 1 SYSTEMPATH/CodeIgniter.php(906): App\Controllers\Admin\ProfesorController->__construct()
 2 SYSTEMPATH/CodeIgniter.php(490): CodeIgniter\CodeIgniter->createController()
 3 SYSTEMPATH/CodeIgniter.php(368): CodeIgniter\CodeIgniter->handleRequest(null, Object(Config\Cache), false)
 4 FCPATH/index.php(67): CodeIgniter\CodeIgniter->run()
 5 SYSTEMPATH/Commands/Server/rewrite.php(47): require_once('/run/media/usrx/DEVELOPMENT/development/Proyectos/ITST/asesorias/public/index.php')
INFO - 2023-05-29 21:41:40 --> Session: Class initialized using 'CodeIgniter\Session\Handlers\FileHandler' driver.
WARNING - 2023-05-29 21:41:40 --> [DEPRECATED] Creation of dynamic property App\Controllers\Admin\ProfesorController::$session is deprecated in APPPATH/Controllers/Admin/ProfesorController.php on line 17.
 1 SYSTEMPATH/CodeIgniter.php(906): App\Controllers\Admin\ProfesorController->__construct()
 2 SYSTEMPATH/CodeIgniter.php(490): CodeIgniter\CodeIgniter->createController()
 3 SYSTEMPATH/CodeIgniter.php(368): CodeIgniter\CodeIgniter->handleRequest(null, Object(Config\Cache), false)
 4 FCPATH/index.php(67): CodeIgniter\CodeIgniter->run()
 5 SYSTEMPATH/Commands/Server/rewrite.php(47): require_once('/run/media/usrx/DEVELOPMENT/development/Proyectos/ITST/asesorias/public/index.php')
INFO - 2023-05-29 21:41:56 --> Session: Class initialized using 'CodeIgniter\Session\Handlers\FileHandler' driver.
WARNING - 2023-05-29 21:41:56 --> [DEPRECATED] Creation of dynamic property App\Controllers\Admin\ProfesorController::$session is deprecated in APPPATH/Controllers/Admin/ProfesorController.php on line 17.
 1 SYSTEMPATH/CodeIgniter.php(906): App\Controllers\Admin\ProfesorController->__construct()
 2 SYSTEMPATH/CodeIgniter.php(490): CodeIgniter\CodeIgniter->createController()
 3 SYSTEMPATH/CodeIgniter.php(368): CodeIgniter\CodeIgniter->handleRequest(null, Object(Config\Cache), false)
 4 FCPATH/index.php(67): CodeIgniter\CodeIgniter->run()
 5 SYSTEMPATH/Commands/Server/rewrite.php(47): require_once('/run/media/usrx/DEVELOPMENT/development/Proyectos/ITST/asesorias/public/index.php')
INFO - 2023-05-29 21:42:08 --> Session: Class initialized using 'CodeIgniter\Session\Handlers\FileHandler' driver.
WARNING - 2023-05-29 21:42:08 --> [DEPRECATED] Creation of dynamic property App\Controllers\Admin\ProfesorController::$session is deprecated in APPPATH/Controllers/Admin/ProfesorController.php on line 17.
 1 SYSTEMPATH/CodeIgniter.php(906): App\Controllers\Admin\ProfesorController->__construct()
 2 SYSTEMPATH/CodeIgniter.php(490): CodeIgniter\CodeIgniter->createController()
 3 SYSTEMPATH/CodeIgniter.php(368): CodeIgniter\CodeIgniter->handleRequest(null, Object(Config\Cache), false)
 4 FCPATH/index.php(67): CodeIgniter\CodeIgniter->run()
 5 SYSTEMPATH/Commands/Server/rewrite.php(47): require_once('/run/media/usrx/DEVELOPMENT/development/Proyectos/ITST/asesorias/public/index.php')
INFO - 2023-05-29 21:42:37 --> Session: Class initialized using 'CodeIgniter\Session\Handlers\FileHandler' driver.
WARNING - 2023-05-29 21:42:37 --> [DEPRECATED] Creation of dynamic property App\Controllers\Admin\ProfesorController::$session is deprecated in APPPATH/Controllers/Admin/ProfesorController.php on line 17.
 1 SYSTEMPATH/CodeIgniter.php(906): App\Controllers\Admin\ProfesorController->__construct()
 2 SYSTEMPATH/CodeIgniter.php(490): CodeIgniter\CodeIgniter->createController()
 3 SYSTEMPATH/CodeIgniter.php(368): CodeIgniter\CodeIgniter->handleRequest(null, Object(Config\Cache), false)
 4 FCPATH/index.php(67): CodeIgniter\CodeIgniter->run()
 5 SYSTEMPATH/Commands/Server/rewrite.php(47): require_once('/run/media/usrx/DEVELOPMENT/development/Proyectos/ITST/asesorias/public/index.php')
INFO - 2023-05-29 21:43:12 --> Session: Class initialized using 'CodeIgniter\Session\Handlers\FileHandler' driver.
WARNING - 2023-05-29 21:43:12 --> [DEPRECATED] Creation of dynamic property App\Controllers\Admin\ProfesorController::$session is deprecated in APPPATH/Controllers/Admin/ProfesorController.php on line 17.
 1 SYSTEMPATH/CodeIgniter.php(906): App\Controllers\Admin\ProfesorController->__construct()
 2 SYSTEMPATH/CodeIgniter.php(490): CodeIgniter\CodeIgniter->createController()
 3 SYSTEMPATH/CodeIgniter.php(368): CodeIgniter\CodeIgniter->handleRequest(null, Object(Config\Cache), false)
 4 FCPATH/index.php(67): CodeIgniter\CodeIgniter->run()
 5 SYSTEMPATH/Commands/Server/rewrite.php(47): require_once('/run/media/usrx/DEVELOPMENT/development/Proyectos/ITST/asesorias/public/index.php')
INFO - 2023-05-29 21:43:18 --> Session: Class initialized using 'CodeIgniter\Session\Handlers\FileHandler' driver.
WARNING - 2023-05-29 21:43:18 --> [DEPRECATED] Creation of dynamic property App\Controllers\Admin\AsignaturaController::$session is deprecated in APPPATH/Controllers/Admin/AsignaturaController.php on line 16.
 1 SYSTEMPATH/CodeIgniter.php(906): App\Controllers\Admin\AsignaturaController->__construct()
 2 SYSTEMPATH/CodeIgniter.php(490): CodeIgniter\CodeIgniter->createController()
 3 SYSTEMPATH/CodeIgniter.php(368): CodeIgniter\CodeIgniter->handleRequest(null, Object(Config\Cache), false)
 4 FCPATH/index.php(67): CodeIgniter\CodeIgniter->run()
 5 SYSTEMPATH/Commands/Server/rewrite.php(47): require_once('/run/media/usrx/DEVELOPMENT/development/Proyectos/ITST/asesorias/public/index.php')
INFO - 2023-05-29 21:43:24 --> Session: Class initialized using 'CodeIgniter\Session\Handlers\FileHandler' driver.
WARNING - 2023-05-29 21:43:24 --> [DEPRECATED] Creation of dynamic property App\Controllers\Admin\PreguntaController::$session is deprecated in APPPATH/Controllers/Admin/PreguntaController.php on line 18.
 1 SYSTEMPATH/CodeIgniter.php(906): App\Controllers\Admin\PreguntaController->__construct()
 2 SYSTEMPATH/CodeIgniter.php(490): CodeIgniter\CodeIgniter->createController()
 3 SYSTEMPATH/CodeIgniter.php(368): CodeIgniter\CodeIgniter->handleRequest(null, Object(Config\Cache), false)
 4 FCPATH/index.php(67): CodeIgniter\CodeIgniter->run()
 5 SYSTEMPATH/Commands/Server/rewrite.php(47): require_once('/run/media/usrx/DEVELOPMENT/development/Proyectos/ITST/asesorias/public/index.php')
INFO - 2023-05-29 21:43:34 --> Session: Class initialized using 'CodeIgniter\Session\Handlers\FileHandler' driver.
WARNING - 2023-05-29 21:43:34 --> [DEPRECATED] Creation of dynamic property App\Controllers\Admin\PreguntaController::$session is deprecated in APPPATH/Controllers/Admin/PreguntaController.php on line 18.
 1 SYSTEMPATH/CodeIgniter.php(906): App\Controllers\Admin\PreguntaController->__construct()
 2 SYSTEMPATH/CodeIgniter.php(490): CodeIgniter\CodeIgniter->createController()
 3 SYSTEMPATH/CodeIgniter.php(368): CodeIgniter\CodeIgniter->handleRequest(null, Object(Config\Cache), false)
 4 FCPATH/index.php(67): CodeIgniter\CodeIgniter->run()
 5 SYSTEMPATH/Commands/Server/rewrite.php(47): require_once('/run/media/usrx/DEVELOPMENT/development/Proyectos/ITST/asesorias/public/index.php')
INFO - 2023-05-29 21:44:46 --> Session: Class initialized using 'CodeIgniter\Session\Handlers\FileHandler' driver.
WARNING - 2023-05-29 21:44:46 --> [DEPRECATED] Creation of dynamic property App\Controllers\Admin\PreguntaController::$session is deprecated in APPPATH/Controllers/Admin/PreguntaController.php on line 18.
 1 SYSTEMPATH/CodeIgniter.php(906): App\Controllers\Admin\PreguntaController->__construct()
 2 SYSTEMPATH/CodeIgniter.php(490): CodeIgniter\CodeIgniter->createController()
 3 SYSTEMPATH/CodeIgniter.php(368): CodeIgniter\CodeIgniter->handleRequest(null, Object(Config\Cache), false)
 4 FCPATH/index.php(67): CodeIgniter\CodeIgniter->run()
 5 SYSTEMPATH/Commands/Server/rewrite.php(47): require_once('/run/media/usrx/DEVELOPMENT/development/Proyectos/ITST/asesorias/public/index.php')
INFO - 2023-05-29 21:48:25 --> Session: Class initialized using 'CodeIgniter\Session\Handlers\FileHandler' driver.
WARNING - 2023-05-29 21:48:25 --> [DEPRECATED] Creation of dynamic property App\Controllers\Admin\UsuarioController::$session is deprecated in APPPATH/Controllers/Admin/UsuarioController.php on line 17.
 1 SYSTEMPATH/CodeIgniter.php(906): App\Controllers\Admin\UsuarioController->__construct()
 2 SYSTEMPATH/CodeIgniter.php(490): CodeIgniter\CodeIgniter->createController()
 3 SYSTEMPATH/CodeIgniter.php(368): CodeIgniter\CodeIgniter->handleRequest(null, Object(Config\Cache), false)
 4 FCPATH/index.php(67): CodeIgniter\CodeIgniter->run()
 5 SYSTEMPATH/Commands/Server/rewrite.php(47): require_once('/run/media/usrx/DEVELOPMENT/development/Proyectos/ITST/asesorias/public/index.php')
INFO - 2023-05-29 21:48:54 --> Session: Class initialized using 'CodeIgniter\Session\Handlers\FileHandler' driver.
WARNING - 2023-05-29 21:48:54 --> [DEPRECATED] Creation of dynamic property App\Controllers\Admin\UsuarioController::$session is deprecated in APPPATH/Controllers/Admin/UsuarioController.php on line 17.
 1 SYSTEMPATH/CodeIgniter.php(906): App\Controllers\Admin\UsuarioController->__construct()
 2 SYSTEMPATH/CodeIgniter.php(490): CodeIgniter\CodeIgniter->createController()
 3 SYSTEMPATH/CodeIgniter.php(368): CodeIgniter\CodeIgniter->handleRequest(null, Object(Config\Cache), false)
 4 FCPATH/index.php(67): CodeIgniter\CodeIgniter->run()
 5 SYSTEMPATH/Commands/Server/rewrite.php(47): require_once('/run/media/usrx/DEVELOPMENT/development/Proyectos/ITST/asesorias/public/index.php')
INFO - 2023-05-29 21:49:06 --> Session: Class initialized using 'CodeIgniter\Session\Handlers\FileHandler' driver.
INFO - 2023-05-29 21:49:07 --> Session: Class initialized using 'CodeIgniter\Session\Handlers\FileHandler' driver.
WARNING - 2023-05-29 21:49:07 --> [DEPRECATED] Creation of dynamic property App\Controllers\Admin\UsuarioController::$session is deprecated in APPPATH/Controllers/Admin/UsuarioController.php on line 17.
 1 SYSTEMPATH/CodeIgniter.php(906): App\Controllers\Admin\UsuarioController->__construct()
 2 SYSTEMPATH/CodeIgniter.php(490): CodeIgniter\CodeIgniter->createController()
 3 SYSTEMPATH/CodeIgniter.php(368): CodeIgniter\CodeIgniter->handleRequest(null, Object(Config\Cache), false)
 4 FCPATH/index.php(67): CodeIgniter\CodeIgniter->run()
 5 SYSTEMPATH/Commands/Server/rewrite.php(47): require_once('/run/media/usrx/DEVELOPMENT/development/Proyectos/ITST/asesorias/public/index.php')
INFO - 2023-05-29 21:50:08 --> Session: Class initialized using 'CodeIgniter\Session\Handlers\FileHandler' driver.
WARNING - 2023-05-29 21:50:08 --> [DEPRECATED] Creation of dynamic property App\Controllers\Admin\UsuarioController::$session is deprecated in APPPATH/Controllers/Admin/UsuarioController.php on line 17.
 1 SYSTEMPATH/CodeIgniter.php(906): App\Controllers\Admin\UsuarioController->__construct()
 2 SYSTEMPATH/CodeIgniter.php(490): CodeIgniter\CodeIgniter->createController()
 3 SYSTEMPATH/CodeIgniter.php(368): CodeIgniter\CodeIgniter->handleRequest(null, Object(Config\Cache), false)
 4 FCPATH/index.php(67): CodeIgniter\CodeIgniter->run()
 5 SYSTEMPATH/Commands/Server/rewrite.php(47): require_once('/run/media/usrx/DEVELOPMENT/development/Proyectos/ITST/asesorias/public/index.php')
INFO - 2023-05-29 21:50:44 --> Session: Class initialized using 'CodeIgniter\Session\Handlers\FileHandler' driver.
WARNING - 2023-05-29 21:50:44 --> [DEPRECATED] Creation of dynamic property App\Controllers\Admin\UsuarioController::$session is deprecated in APPPATH/Controllers/Admin/UsuarioController.php on line 17.
 1 SYSTEMPATH/CodeIgniter.php(906): App\Controllers\Admin\UsuarioController->__construct()
 2 SYSTEMPATH/CodeIgniter.php(490): CodeIgniter\CodeIgniter->createController()
 3 SYSTEMPATH/CodeIgniter.php(368): CodeIgniter\CodeIgniter->handleRequest(null, Object(Config\Cache), false)
 4 FCPATH/index.php(67): CodeIgniter\CodeIgniter->run()
 5 SYSTEMPATH/Commands/Server/rewrite.php(47): require_once('/run/media/usrx/DEVELOPMENT/development/Proyectos/ITST/asesorias/public/index.php')
INFO - 2023-05-29 21:50:54 --> Session: Class initialized using 'CodeIgniter\Session\Handlers\FileHandler' driver.
WARNING - 2023-05-29 21:50:54 --> [DEPRECATED] Creation of dynamic property App\Controllers\Admin\UsuarioController::$session is deprecated in APPPATH/Controllers/Admin/UsuarioController.php on line 17.
 1 SYSTEMPATH/CodeIgniter.php(906): App\Controllers\Admin\UsuarioController->__construct()
 2 SYSTEMPATH/CodeIgniter.php(490): CodeIgniter\CodeIgniter->createController()
 3 SYSTEMPATH/CodeIgniter.php(368): CodeIgniter\CodeIgniter->handleRequest(null, Object(Config\Cache), false)
 4 FCPATH/index.php(67): CodeIgniter\CodeIgniter->run()
 5 SYSTEMPATH/Commands/Server/rewrite.php(47): require_once('/run/media/usrx/DEVELOPMENT/development/Proyectos/ITST/asesorias/public/index.php')
INFO - 2023-05-29 22:18:10 --> Session: Class initialized using 'CodeIgniter\Session\Handlers\FileHandler' driver.
WARNING - 2023-05-29 22:18:10 --> [DEPRECATED] Creation of dynamic property App\Controllers\Admin\ProfesorController::$session is deprecated in APPPATH/Controllers/Admin/ProfesorController.php on line 17.
 1 SYSTEMPATH/CodeIgniter.php(906): App\Controllers\Admin\ProfesorController->__construct()
 2 SYSTEMPATH/CodeIgniter.php(490): CodeIgniter\CodeIgniter->createController()
 3 SYSTEMPATH/CodeIgniter.php(368): CodeIgniter\CodeIgniter->handleRequest(null, Object(Config\Cache), false)
 4 FCPATH/index.php(67): CodeIgniter\CodeIgniter->run()
 5 SYSTEMPATH/Commands/Server/rewrite.php(47): require_once('/run/media/usrx/DEVELOPMENT/development/Proyectos/ITST/asesorias/public/index.php')
INFO - 2023-05-29 22:19:26 --> Session: Class initialized using 'CodeIgniter\Session\Handlers\FileHandler' driver.
WARNING - 2023-05-29 22:19:26 --> [DEPRECATED] Creation of dynamic property App\Controllers\Admin\EstudianteController::$session is deprecated in APPPATH/Controllers/Admin/EstudianteController.php on line 16.
 1 SYSTEMPATH/CodeIgniter.php(906): App\Controllers\Admin\EstudianteController->__construct()
 2 SYSTEMPATH/CodeIgniter.php(490): CodeIgniter\CodeIgniter->createController()
 3 SYSTEMPATH/CodeIgniter.php(368): CodeIgniter\CodeIgniter->handleRequest(null, Object(Config\Cache), false)
 4 FCPATH/index.php(67): CodeIgniter\CodeIgniter->run()
 5 SYSTEMPATH/Commands/Server/rewrite.php(47): require_once('/run/media/usrx/DEVELOPMENT/development/Proyectos/ITST/asesorias/public/index.php')
INFO - 2023-05-29 22:19:28 --> Session: Class initialized using 'CodeIgniter\Session\Handlers\FileHandler' driver.
WARNING - 2023-05-29 22:19:28 --> [DEPRECATED] Creation of dynamic property App\Controllers\Admin\EstudianteController::$session is deprecated in APPPATH/Controllers/Admin/EstudianteController.php on line 16.
 1 SYSTEMPATH/CodeIgniter.php(906): App\Controllers\Admin\EstudianteController->__construct()
 2 SYSTEMPATH/CodeIgniter.php(490): CodeIgniter\CodeIgniter->createController()
 3 SYSTEMPATH/CodeIgniter.php(368): CodeIgniter\CodeIgniter->handleRequest(null, Object(Config\Cache), false)
 4 FCPATH/index.php(67): CodeIgniter\CodeIgniter->run()
 5 SYSTEMPATH/Commands/Server/rewrite.php(47): require_once('/run/media/usrx/DEVELOPMENT/development/Proyectos/ITST/asesorias/public/index.php')
INFO - 2023-05-29 22:19:28 --> Session: Class initialized using 'CodeIgniter\Session\Handlers\FileHandler' driver.
WARNING - 2023-05-29 22:19:28 --> [DEPRECATED] Creation of dynamic property App\Controllers\Admin\EstudianteController::$session is deprecated in APPPATH/Controllers/Admin/EstudianteController.php on line 16.
 1 SYSTEMPATH/CodeIgniter.php(906): App\Controllers\Admin\EstudianteController->__construct()
 2 SYSTEMPATH/CodeIgniter.php(490): CodeIgniter\CodeIgniter->createController()
 3 SYSTEMPATH/CodeIgniter.php(368): CodeIgniter\CodeIgniter->handleRequest(null, Object(Config\Cache), false)
 4 FCPATH/index.php(67): CodeIgniter\CodeIgniter->run()
 5 SYSTEMPATH/Commands/Server/rewrite.php(47): require_once('/run/media/usrx/DEVELOPMENT/development/Proyectos/ITST/asesorias/public/index.php')
INFO - 2023-05-29 22:19:29 --> Session: Class initialized using 'CodeIgniter\Session\Handlers\FileHandler' driver.
WARNING - 2023-05-29 22:19:29 --> [DEPRECATED] Creation of dynamic property App\Controllers\Admin\EstudianteController::$session is deprecated in APPPATH/Controllers/Admin/EstudianteController.php on line 16.
 1 SYSTEMPATH/CodeIgniter.php(906): App\Controllers\Admin\EstudianteController->__construct()
 2 SYSTEMPATH/CodeIgniter.php(490): CodeIgniter\CodeIgniter->createController()
 3 SYSTEMPATH/CodeIgniter.php(368): CodeIgniter\CodeIgniter->handleRequest(null, Object(Config\Cache), false)
 4 FCPATH/index.php(67): CodeIgniter\CodeIgniter->run()
 5 SYSTEMPATH/Commands/Server/rewrite.php(47): require_once('/run/media/usrx/DEVELOPMENT/development/Proyectos/ITST/asesorias/public/index.php')
INFO - 2023-05-29 22:19:29 --> Session: Class initialized using 'CodeIgniter\Session\Handlers\FileHandler' driver.
WARNING - 2023-05-29 22:19:29 --> [DEPRECATED] Creation of dynamic property App\Controllers\Admin\EstudianteController::$session is deprecated in APPPATH/Controllers/Admin/EstudianteController.php on line 16.
 1 SYSTEMPATH/CodeIgniter.php(906): App\Controllers\Admin\EstudianteController->__construct()
 2 SYSTEMPATH/CodeIgniter.php(490): CodeIgniter\CodeIgniter->createController()
 3 SYSTEMPATH/CodeIgniter.php(368): CodeIgniter\CodeIgniter->handleRequest(null, Object(Config\Cache), false)
 4 FCPATH/index.php(67): CodeIgniter\CodeIgniter->run()
 5 SYSTEMPATH/Commands/Server/rewrite.php(47): require_once('/run/media/usrx/DEVELOPMENT/development/Proyectos/ITST/asesorias/public/index.php')
INFO - 2023-05-29 22:19:29 --> Session: Class initialized using 'CodeIgniter\Session\Handlers\FileHandler' driver.
WARNING - 2023-05-29 22:19:29 --> [DEPRECATED] Creation of dynamic property App\Controllers\Admin\EstudianteController::$session is deprecated in APPPATH/Controllers/Admin/EstudianteController.php on line 16.
 1 SYSTEMPATH/CodeIgniter.php(906): App\Controllers\Admin\EstudianteController->__construct()
 2 SYSTEMPATH/CodeIgniter.php(490): CodeIgniter\CodeIgniter->createController()
 3 SYSTEMPATH/CodeIgniter.php(368): CodeIgniter\CodeIgniter->handleRequest(null, Object(Config\Cache), false)
 4 FCPATH/index.php(67): CodeIgniter\CodeIgniter->run()
 5 SYSTEMPATH/Commands/Server/rewrite.php(47): require_once('/run/media/usrx/DEVELOPMENT/development/Proyectos/ITST/asesorias/public/index.php')
INFO - 2023-05-29 22:19:29 --> Session: Class initialized using 'CodeIgniter\Session\Handlers\FileHandler' driver.
WARNING - 2023-05-29 22:19:29 --> [DEPRECATED] Creation of dynamic property App\Controllers\Admin\EstudianteController::$session is deprecated in APPPATH/Controllers/Admin/EstudianteController.php on line 16.
 1 SYSTEMPATH/CodeIgniter.php(906): App\Controllers\Admin\EstudianteController->__construct()
 2 SYSTEMPATH/CodeIgniter.php(490): CodeIgniter\CodeIgniter->createController()
 3 SYSTEMPATH/CodeIgniter.php(368): CodeIgniter\CodeIgniter->handleRequest(null, Object(Config\Cache), false)
 4 FCPATH/index.php(67): CodeIgniter\CodeIgniter->run()
 5 SYSTEMPATH/Commands/Server/rewrite.php(47): require_once('/run/media/usrx/DEVELOPMENT/development/Proyectos/ITST/asesorias/public/index.php')
INFO - 2023-05-29 22:19:29 --> Session: Class initialized using 'CodeIgniter\Session\Handlers\FileHandler' driver.
WARNING - 2023-05-29 22:19:29 --> [DEPRECATED] Creation of dynamic property App\Controllers\Admin\EstudianteController::$session is deprecated in APPPATH/Controllers/Admin/EstudianteController.php on line 16.
 1 SYSTEMPATH/CodeIgniter.php(906): App\Controllers\Admin\EstudianteController->__construct()
 2 SYSTEMPATH/CodeIgniter.php(490): CodeIgniter\CodeIgniter->createController()
 3 SYSTEMPATH/CodeIgniter.php(368): CodeIgniter\CodeIgniter->handleRequest(null, Object(Config\Cache), false)
 4 FCPATH/index.php(67): CodeIgniter\CodeIgniter->run()
 5 SYSTEMPATH/Commands/Server/rewrite.php(47): require_once('/run/media/usrx/DEVELOPMENT/development/Proyectos/ITST/asesorias/public/index.php')
INFO - 2023-05-29 22:20:18 --> Session: Class initialized using 'CodeIgniter\Session\Handlers\FileHandler' driver.
WARNING - 2023-05-29 22:20:18 --> [DEPRECATED] Creation of dynamic property App\Controllers\Admin\EstudianteController::$session is deprecated in APPPATH/Controllers/Admin/EstudianteController.php on line 16.
 1 SYSTEMPATH/CodeIgniter.php(906): App\Controllers\Admin\EstudianteController->__construct()
 2 SYSTEMPATH/CodeIgniter.php(490): CodeIgniter\CodeIgniter->createController()
 3 SYSTEMPATH/CodeIgniter.php(368): CodeIgniter\CodeIgniter->handleRequest(null, Object(Config\Cache), false)
 4 FCPATH/index.php(67): CodeIgniter\CodeIgniter->run()
 5 SYSTEMPATH/Commands/Server/rewrite.php(47): require_once('/run/media/usrx/DEVELOPMENT/development/Proyectos/ITST/asesorias/public/index.php')
INFO - 2023-05-29 22:20:18 --> Session: Class initialized using 'CodeIgniter\Session\Handlers\FileHandler' driver.
WARNING - 2023-05-29 22:20:18 --> [DEPRECATED] Creation of dynamic property App\Controllers\Admin\EstudianteController::$session is deprecated in APPPATH/Controllers/Admin/EstudianteController.php on line 16.
 1 SYSTEMPATH/CodeIgniter.php(906): App\Controllers\Admin\EstudianteController->__construct()
 2 SYSTEMPATH/CodeIgniter.php(490): CodeIgniter\CodeIgniter->createController()
 3 SYSTEMPATH/CodeIgniter.php(368): CodeIgniter\CodeIgniter->handleRequest(null, Object(Config\Cache), false)
 4 FCPATH/index.php(67): CodeIgniter\CodeIgniter->run()
 5 SYSTEMPATH/Commands/Server/rewrite.php(47): require_once('/run/media/usrx/DEVELOPMENT/development/Proyectos/ITST/asesorias/public/index.php')
INFO - 2023-05-29 22:20:18 --> Session: Class initialized using 'CodeIgniter\Session\Handlers\FileHandler' driver.
WARNING - 2023-05-29 22:20:18 --> [DEPRECATED] Creation of dynamic property App\Controllers\Admin\EstudianteController::$session is deprecated in APPPATH/Controllers/Admin/EstudianteController.php on line 16.
 1 SYSTEMPATH/CodeIgniter.php(906): App\Controllers\Admin\EstudianteController->__construct()
 2 SYSTEMPATH/CodeIgniter.php(490): CodeIgniter\CodeIgniter->createController()
 3 SYSTEMPATH/CodeIgniter.php(368): CodeIgniter\CodeIgniter->handleRequest(null, Object(Config\Cache), false)
 4 FCPATH/index.php(67): CodeIgniter\CodeIgniter->run()
 5 SYSTEMPATH/Commands/Server/rewrite.php(47): require_once('/run/media/usrx/DEVELOPMENT/development/Proyectos/ITST/asesorias/public/index.php')
INFO - 2023-05-29 22:20:18 --> Session: Class initialized using 'CodeIgniter\Session\Handlers\FileHandler' driver.
WARNING - 2023-05-29 22:20:18 --> [DEPRECATED] Creation of dynamic property App\Controllers\Admin\EstudianteController::$session is deprecated in APPPATH/Controllers/Admin/EstudianteController.php on line 16.
 1 SYSTEMPATH/CodeIgniter.php(906): App\Controllers\Admin\EstudianteController->__construct()
 2 SYSTEMPATH/CodeIgniter.php(490): CodeIgniter\CodeIgniter->createController()
 3 SYSTEMPATH/CodeIgniter.php(368): CodeIgniter\CodeIgniter->handleRequest(null, Object(Config\Cache), false)
 4 FCPATH/index.php(67): CodeIgniter\CodeIgniter->run()
 5 SYSTEMPATH/Commands/Server/rewrite.php(47): require_once('/run/media/usrx/DEVELOPMENT/development/Proyectos/ITST/asesorias/public/index.php')
INFO - 2023-05-29 22:20:18 --> Session: Class initialized using 'CodeIgniter\Session\Handlers\FileHandler' driver.
WARNING - 2023-05-29 22:20:18 --> [DEPRECATED] Creation of dynamic property App\Controllers\Admin\EstudianteController::$session is deprecated in APPPATH/Controllers/Admin/EstudianteController.php on line 16.
 1 SYSTEMPATH/CodeIgniter.php(906): App\Controllers\Admin\EstudianteController->__construct()
 2 SYSTEMPATH/CodeIgniter.php(490): CodeIgniter\CodeIgniter->createController()
 3 SYSTEMPATH/CodeIgniter.php(368): CodeIgniter\CodeIgniter->handleRequest(null, Object(Config\Cache), false)
 4 FCPATH/index.php(67): CodeIgniter\CodeIgniter->run()
 5 SYSTEMPATH/Commands/Server/rewrite.php(47): require_once('/run/media/usrx/DEVELOPMENT/development/Proyectos/ITST/asesorias/public/index.php')
INFO - 2023-05-29 22:20:18 --> Session: Class initialized using 'CodeIgniter\Session\Handlers\FileHandler' driver.
WARNING - 2023-05-29 22:20:18 --> [DEPRECATED] Creation of dynamic property App\Controllers\Admin\EstudianteController::$session is deprecated in APPPATH/Controllers/Admin/EstudianteController.php on line 16.
 1 SYSTEMPATH/CodeIgniter.php(906): App\Controllers\Admin\EstudianteController->__construct()
 2 SYSTEMPATH/CodeIgniter.php(490): CodeIgniter\CodeIgniter->createController()
 3 SYSTEMPATH/CodeIgniter.php(368): CodeIgniter\CodeIgniter->handleRequest(null, Object(Config\Cache), false)
 4 FCPATH/index.php(67): CodeIgniter\CodeIgniter->run()
 5 SYSTEMPATH/Commands/Server/rewrite.php(47): require_once('/run/media/usrx/DEVELOPMENT/development/Proyectos/ITST/asesorias/public/index.php')
INFO - 2023-05-29 22:20:18 --> Session: Class initialized using 'CodeIgniter\Session\Handlers\FileHandler' driver.
WARNING - 2023-05-29 22:20:18 --> [DEPRECATED] Creation of dynamic property App\Controllers\Admin\EstudianteController::$session is deprecated in APPPATH/Controllers/Admin/EstudianteController.php on line 16.
 1 SYSTEMPATH/CodeIgniter.php(906): App\Controllers\Admin\EstudianteController->__construct()
 2 SYSTEMPATH/CodeIgniter.php(490): CodeIgniter\CodeIgniter->createController()
 3 SYSTEMPATH/CodeIgniter.php(368): CodeIgniter\CodeIgniter->handleRequest(null, Object(Config\Cache), false)
 4 FCPATH/index.php(67): CodeIgniter\CodeIgniter->run()
 5 SYSTEMPATH/Commands/Server/rewrite.php(47): require_once('/run/media/usrx/DEVELOPMENT/development/Proyectos/ITST/asesorias/public/index.php')
INFO - 2023-05-29 22:20:33 --> Session: Class initialized using 'CodeIgniter\Session\Handlers\FileHandler' driver.
WARNING - 2023-05-29 22:20:33 --> [DEPRECATED] Creation of dynamic property App\Controllers\Admin\EstudianteController::$session is deprecated in APPPATH/Controllers/Admin/EstudianteController.php on line 16.
 1 SYSTEMPATH/CodeIgniter.php(906): App\Controllers\Admin\EstudianteController->__construct()
 2 SYSTEMPATH/CodeIgniter.php(490): CodeIgniter\CodeIgniter->createController()
 3 SYSTEMPATH/CodeIgniter.php(368): CodeIgniter\CodeIgniter->handleRequest(null, Object(Config\Cache), false)
 4 FCPATH/index.php(67): CodeIgniter\CodeIgniter->run()
 5 SYSTEMPATH/Commands/Server/rewrite.php(47): require_once('/run/media/usrx/DEVELOPMENT/development/Proyectos/ITST/asesorias/public/index.php')
INFO - 2023-05-29 22:20:33 --> Session: Class initialized using 'CodeIgniter\Session\Handlers\FileHandler' driver.
WARNING - 2023-05-29 22:20:33 --> [DEPRECATED] Creation of dynamic property App\Controllers\Admin\EstudianteController::$session is deprecated in APPPATH/Controllers/Admin/EstudianteController.php on line 16.
 1 SYSTEMPATH/CodeIgniter.php(906): App\Controllers\Admin\EstudianteController->__construct()
 2 SYSTEMPATH/CodeIgniter.php(490): CodeIgniter\CodeIgniter->createController()
 3 SYSTEMPATH/CodeIgniter.php(368): CodeIgniter\CodeIgniter->handleRequest(null, Object(Config\Cache), false)
 4 FCPATH/index.php(67): CodeIgniter\CodeIgniter->run()
 5 SYSTEMPATH/Commands/Server/rewrite.php(47): require_once('/run/media/usrx/DEVELOPMENT/development/Proyectos/ITST/asesorias/public/index.php')
INFO - 2023-05-29 22:20:33 --> Session: Class initialized using 'CodeIgniter\Session\Handlers\FileHandler' driver.
WARNING - 2023-05-29 22:20:33 --> [DEPRECATED] Creation of dynamic property App\Controllers\Admin\EstudianteController::$session is deprecated in APPPATH/Controllers/Admin/EstudianteController.php on line 16.
 1 SYSTEMPATH/CodeIgniter.php(906): App\Controllers\Admin\EstudianteController->__construct()
 2 SYSTEMPATH/CodeIgniter.php(490): CodeIgniter\CodeIgniter->createController()
 3 SYSTEMPATH/CodeIgniter.php(368): CodeIgniter\CodeIgniter->handleRequest(null, Object(Config\Cache), false)
 4 FCPATH/index.php(67): CodeIgniter\CodeIgniter->run()
 5 SYSTEMPATH/Commands/Server/rewrite.php(47): require_once('/run/media/usrx/DEVELOPMENT/development/Proyectos/ITST/asesorias/public/index.php')
INFO - 2023-05-29 22:20:33 --> Session: Class initialized using 'CodeIgniter\Session\Handlers\FileHandler' driver.
WARNING - 2023-05-29 22:20:33 --> [DEPRECATED] Creation of dynamic property App\Controllers\Admin\EstudianteController::$session is deprecated in APPPATH/Controllers/Admin/EstudianteController.php on line 16.
 1 SYSTEMPATH/CodeIgniter.php(906): App\Controllers\Admin\EstudianteController->__construct()
 2 SYSTEMPATH/CodeIgniter.php(490): CodeIgniter\CodeIgniter->createController()
 3 SYSTEMPATH/CodeIgniter.php(368): CodeIgniter\CodeIgniter->handleRequest(null, Object(Config\Cache), false)
 4 FCPATH/index.php(67): CodeIgniter\CodeIgniter->run()
 5 SYSTEMPATH/Commands/Server/rewrite.php(47): require_once('/run/media/usrx/DEVELOPMENT/development/Proyectos/ITST/asesorias/public/index.php')
INFO - 2023-05-29 22:20:33 --> Session: Class initialized using 'CodeIgniter\Session\Handlers\FileHandler' driver.
WARNING - 2023-05-29 22:20:33 --> [DEPRECATED] Creation of dynamic property App\Controllers\Admin\EstudianteController::$session is deprecated in APPPATH/Controllers/Admin/EstudianteController.php on line 16.
 1 SYSTEMPATH/CodeIgniter.php(906): App\Controllers\Admin\EstudianteController->__construct()
 2 SYSTEMPATH/CodeIgniter.php(490): CodeIgniter\CodeIgniter->createController()
 3 SYSTEMPATH/CodeIgniter.php(368): CodeIgniter\CodeIgniter->handleRequest(null, Object(Config\Cache), false)
 4 FCPATH/index.php(67): CodeIgniter\CodeIgniter->run()
 5 SYSTEMPATH/Commands/Server/rewrite.php(47): require_once('/run/media/usrx/DEVELOPMENT/development/Proyectos/ITST/asesorias/public/index.php')
INFO - 2023-05-29 22:20:33 --> Session: Class initialized using 'CodeIgniter\Session\Handlers\FileHandler' driver.
WARNING - 2023-05-29 22:20:33 --> [DEPRECATED] Creation of dynamic property App\Controllers\Admin\EstudianteController::$session is deprecated in APPPATH/Controllers/Admin/EstudianteController.php on line 16.
 1 SYSTEMPATH/CodeIgniter.php(906): App\Controllers\Admin\EstudianteController->__construct()
 2 SYSTEMPATH/CodeIgniter.php(490): CodeIgniter\CodeIgniter->createController()
 3 SYSTEMPATH/CodeIgniter.php(368): CodeIgniter\CodeIgniter->handleRequest(null, Object(Config\Cache), false)
 4 FCPATH/index.php(67): CodeIgniter\CodeIgniter->run()
 5 SYSTEMPATH/Commands/Server/rewrite.php(47): require_once('/run/media/usrx/DEVELOPMENT/development/Proyectos/ITST/asesorias/public/index.php')
INFO - 2023-05-29 22:20:33 --> Session: Class initialized using 'CodeIgniter\Session\Handlers\FileHandler' driver.
WARNING - 2023-05-29 22:20:33 --> [DEPRECATED] Creation of dynamic property App\Controllers\Admin\EstudianteController::$session is deprecated in APPPATH/Controllers/Admin/EstudianteController.php on line 16.
 1 SYSTEMPATH/CodeIgniter.php(906): App\Controllers\Admin\EstudianteController->__construct()
 2 SYSTEMPATH/CodeIgniter.php(490): CodeIgniter\CodeIgniter->createController()
 3 SYSTEMPATH/CodeIgniter.php(368): CodeIgniter\CodeIgniter->handleRequest(null, Object(Config\Cache), false)
 4 FCPATH/index.php(67): CodeIgniter\CodeIgniter->run()
 5 SYSTEMPATH/Commands/Server/rewrite.php(47): require_once('/run/media/usrx/DEVELOPMENT/development/Proyectos/ITST/asesorias/public/index.php')
INFO - 2023-05-29 22:20:49 --> Session: Class initialized using 'CodeIgniter\Session\Handlers\FileHandler' driver.
WARNING - 2023-05-29 22:20:49 --> [DEPRECATED] Creation of dynamic property App\Controllers\Admin\EstudianteController::$session is deprecated in APPPATH/Controllers/Admin/EstudianteController.php on line 16.
 1 SYSTEMPATH/CodeIgniter.php(906): App\Controllers\Admin\EstudianteController->__construct()
 2 SYSTEMPATH/CodeIgniter.php(490): CodeIgniter\CodeIgniter->createController()
 3 SYSTEMPATH/CodeIgniter.php(368): CodeIgniter\CodeIgniter->handleRequest(null, Object(Config\Cache), false)
 4 FCPATH/index.php(67): CodeIgniter\CodeIgniter->run()
 5 SYSTEMPATH/Commands/Server/rewrite.php(47): require_once('/run/media/usrx/DEVELOPMENT/development/Proyectos/ITST/asesorias/public/index.php')
INFO - 2023-05-29 22:20:49 --> Session: Class initialized using 'CodeIgniter\Session\Handlers\FileHandler' driver.
WARNING - 2023-05-29 22:20:49 --> [DEPRECATED] Creation of dynamic property App\Controllers\Admin\EstudianteController::$session is deprecated in APPPATH/Controllers/Admin/EstudianteController.php on line 16.
 1 SYSTEMPATH/CodeIgniter.php(906): App\Controllers\Admin\EstudianteController->__construct()
 2 SYSTEMPATH/CodeIgniter.php(490): CodeIgniter\CodeIgniter->createController()
 3 SYSTEMPATH/CodeIgniter.php(368): CodeIgniter\CodeIgniter->handleRequest(null, Object(Config\Cache), false)
 4 FCPATH/index.php(67): CodeIgniter\CodeIgniter->run()
 5 SYSTEMPATH/Commands/Server/rewrite.php(47): require_once('/run/media/usrx/DEVELOPMENT/development/Proyectos/ITST/asesorias/public/index.php')
INFO - 2023-05-29 22:20:49 --> Session: Class initialized using 'CodeIgniter\Session\Handlers\FileHandler' driver.
WARNING - 2023-05-29 22:20:49 --> [DEPRECATED] Creation of dynamic property App\Controllers\Admin\EstudianteController::$session is deprecated in APPPATH/Controllers/Admin/EstudianteController.php on line 16.
 1 SYSTEMPATH/CodeIgniter.php(906): App\Controllers\Admin\EstudianteController->__construct()
 2 SYSTEMPATH/CodeIgniter.php(490): CodeIgniter\CodeIgniter->createController()
 3 SYSTEMPATH/CodeIgniter.php(368): CodeIgniter\CodeIgniter->handleRequest(null, Object(Config\Cache), false)
 4 FCPATH/index.php(67): CodeIgniter\CodeIgniter->run()
 5 SYSTEMPATH/Commands/Server/rewrite.php(47): require_once('/run/media/usrx/DEVELOPMENT/development/Proyectos/ITST/asesorias/public/index.php')
INFO - 2023-05-29 22:20:49 --> Session: Class initialized using 'CodeIgniter\Session\Handlers\FileHandler' driver.
WARNING - 2023-05-29 22:20:49 --> [DEPRECATED] Creation of dynamic property App\Controllers\Admin\EstudianteController::$session is deprecated in APPPATH/Controllers/Admin/EstudianteController.php on line 16.
 1 SYSTEMPATH/CodeIgniter.php(906): App\Controllers\Admin\EstudianteController->__construct()
 2 SYSTEMPATH/CodeIgniter.php(490): CodeIgniter\CodeIgniter->createController()
 3 SYSTEMPATH/CodeIgniter.php(368): CodeIgniter\CodeIgniter->handleRequest(null, Object(Config\Cache), false)
 4 FCPATH/index.php(67): CodeIgniter\CodeIgniter->run()
 5 SYSTEMPATH/Commands/Server/rewrite.php(47): require_once('/run/media/usrx/DEVELOPMENT/development/Proyectos/ITST/asesorias/public/index.php')
INFO - 2023-05-29 22:20:49 --> Session: Class initialized using 'CodeIgniter\Session\Handlers\FileHandler' driver.
WARNING - 2023-05-29 22:20:49 --> [DEPRECATED] Creation of dynamic property App\Controllers\Admin\EstudianteController::$session is deprecated in APPPATH/Controllers/Admin/EstudianteController.php on line 16.
 1 SYSTEMPATH/CodeIgniter.php(906): App\Controllers\Admin\EstudianteController->__construct()
 2 SYSTEMPATH/CodeIgniter.php(490): CodeIgniter\CodeIgniter->createController()
 3 SYSTEMPATH/CodeIgniter.php(368): CodeIgniter\CodeIgniter->handleRequest(null, Object(Config\Cache), false)
 4 FCPATH/index.php(67): CodeIgniter\CodeIgniter->run()
 5 SYSTEMPATH/Commands/Server/rewrite.php(47): require_once('/run/media/usrx/DEVELOPMENT/development/Proyectos/ITST/asesorias/public/index.php')
INFO - 2023-05-29 22:20:49 --> Session: Class initialized using 'CodeIgniter\Session\Handlers\FileHandler' driver.
WARNING - 2023-05-29 22:20:49 --> [DEPRECATED] Creation of dynamic property App\Controllers\Admin\EstudianteController::$session is deprecated in APPPATH/Controllers/Admin/EstudianteController.php on line 16.
 1 SYSTEMPATH/CodeIgniter.php(906): App\Controllers\Admin\EstudianteController->__construct()
 2 SYSTEMPATH/CodeIgniter.php(490): CodeIgniter\CodeIgniter->createController()
 3 SYSTEMPATH/CodeIgniter.php(368): CodeIgniter\CodeIgniter->handleRequest(null, Object(Config\Cache), false)
 4 FCPATH/index.php(67): CodeIgniter\CodeIgniter->run()
 5 SYSTEMPATH/Commands/Server/rewrite.php(47): require_once('/run/media/usrx/DEVELOPMENT/development/Proyectos/ITST/asesorias/public/index.php')
INFO - 2023-05-29 22:20:49 --> Session: Class initialized using 'CodeIgniter\Session\Handlers\FileHandler' driver.
WARNING - 2023-05-29 22:20:49 --> [DEPRECATED] Creation of dynamic property App\Controllers\Admin\EstudianteController::$session is deprecated in APPPATH/Controllers/Admin/EstudianteController.php on line 16.
 1 SYSTEMPATH/CodeIgniter.php(906): App\Controllers\Admin\EstudianteController->__construct()
 2 SYSTEMPATH/CodeIgniter.php(490): CodeIgniter\CodeIgniter->createController()
 3 SYSTEMPATH/CodeIgniter.php(368): CodeIgniter\CodeIgniter->handleRequest(null, Object(Config\Cache), false)
 4 FCPATH/index.php(67): CodeIgniter\CodeIgniter->run()
 5 SYSTEMPATH/Commands/Server/rewrite.php(47): require_once('/run/media/usrx/DEVELOPMENT/development/Proyectos/ITST/asesorias/public/index.php')
INFO - 2023-05-29 22:20:51 --> Session: Class initialized using 'CodeIgniter\Session\Handlers\FileHandler' driver.
WARNING - 2023-05-29 22:20:51 --> [DEPRECATED] Creation of dynamic property App\Controllers\Admin\EstudianteController::$session is deprecated in APPPATH/Controllers/Admin/EstudianteController.php on line 16.
 1 SYSTEMPATH/CodeIgniter.php(906): App\Controllers\Admin\EstudianteController->__construct()
 2 SYSTEMPATH/CodeIgniter.php(490): CodeIgniter\CodeIgniter->createController()
 3 SYSTEMPATH/CodeIgniter.php(368): CodeIgniter\CodeIgniter->handleRequest(null, Object(Config\Cache), false)
 4 FCPATH/index.php(67): CodeIgniter\CodeIgniter->run()
 5 SYSTEMPATH/Commands/Server/rewrite.php(47): require_once('/run/media/usrx/DEVELOPMENT/development/Proyectos/ITST/asesorias/public/index.php')
INFO - 2023-05-29 22:20:54 --> Session: Class initialized using 'CodeIgniter\Session\Handlers\FileHandler' driver.
WARNING - 2023-05-29 22:20:54 --> [DEPRECATED] Creation of dynamic property App\Controllers\Admin\EstudianteController::$session is deprecated in APPPATH/Controllers/Admin/EstudianteController.php on line 16.
 1 SYSTEMPATH/CodeIgniter.php(906): App\Controllers\Admin\EstudianteController->__construct()
 2 SYSTEMPATH/CodeIgniter.php(490): CodeIgniter\CodeIgniter->createController()
 3 SYSTEMPATH/CodeIgniter.php(368): CodeIgniter\CodeIgniter->handleRequest(null, Object(Config\Cache), false)
 4 FCPATH/index.php(67): CodeIgniter\CodeIgniter->run()
 5 SYSTEMPATH/Commands/Server/rewrite.php(47): require_once('/run/media/usrx/DEVELOPMENT/development/Proyectos/ITST/asesorias/public/index.php')
INFO - 2023-05-29 22:20:54 --> Session: Class initialized using 'CodeIgniter\Session\Handlers\FileHandler' driver.
WARNING - 2023-05-29 22:20:54 --> [DEPRECATED] Creation of dynamic property App\Controllers\Admin\EstudianteController::$session is deprecated in APPPATH/Controllers/Admin/EstudianteController.php on line 16.
 1 SYSTEMPATH/CodeIgniter.php(906): App\Controllers\Admin\EstudianteController->__construct()
 2 SYSTEMPATH/CodeIgniter.php(490): CodeIgniter\CodeIgniter->createController()
 3 SYSTEMPATH/CodeIgniter.php(368): CodeIgniter\CodeIgniter->handleRequest(null, Object(Config\Cache), false)
 4 FCPATH/index.php(67): CodeIgniter\CodeIgniter->run()
 5 SYSTEMPATH/Commands/Server/rewrite.php(47): require_once('/run/media/usrx/DEVELOPMENT/development/Proyectos/ITST/asesorias/public/index.php')
INFO - 2023-05-29 22:20:54 --> Session: Class initialized using 'CodeIgniter\Session\Handlers\FileHandler' driver.
WARNING - 2023-05-29 22:20:54 --> [DEPRECATED] Creation of dynamic property App\Controllers\Admin\EstudianteController::$session is deprecated in APPPATH/Controllers/Admin/EstudianteController.php on line 16.
 1 SYSTEMPATH/CodeIgniter.php(906): App\Controllers\Admin\EstudianteController->__construct()
 2 SYSTEMPATH/CodeIgniter.php(490): CodeIgniter\CodeIgniter->createController()
 3 SYSTEMPATH/CodeIgniter.php(368): CodeIgniter\CodeIgniter->handleRequest(null, Object(Config\Cache), false)
 4 FCPATH/index.php(67): CodeIgniter\CodeIgniter->run()
 5 SYSTEMPATH/Commands/Server/rewrite.php(47): require_once('/run/media/usrx/DEVELOPMENT/development/Proyectos/ITST/asesorias/public/index.php')
INFO - 2023-05-29 22:20:54 --> Session: Class initialized using 'CodeIgniter\Session\Handlers\FileHandler' driver.
WARNING - 2023-05-29 22:20:54 --> [DEPRECATED] Creation of dynamic property App\Controllers\Admin\EstudianteController::$session is deprecated in APPPATH/Controllers/Admin/EstudianteController.php on line 16.
 1 SYSTEMPATH/CodeIgniter.php(906): App\Controllers\Admin\EstudianteController->__construct()
 2 SYSTEMPATH/CodeIgniter.php(490): CodeIgniter\CodeIgniter->createController()
 3 SYSTEMPATH/CodeIgniter.php(368): CodeIgniter\CodeIgniter->handleRequest(null, Object(Config\Cache), false)
 4 FCPATH/index.php(67): CodeIgniter\CodeIgniter->run()
 5 SYSTEMPATH/Commands/Server/rewrite.php(47): require_once('/run/media/usrx/DEVELOPMENT/development/Proyectos/ITST/asesorias/public/index.php')
INFO - 2023-05-29 22:20:54 --> Session: Class initialized using 'CodeIgniter\Session\Handlers\FileHandler' driver.
WARNING - 2023-05-29 22:20:54 --> [DEPRECATED] Creation of dynamic property App\Controllers\Admin\EstudianteController::$session is deprecated in APPPATH/Controllers/Admin/EstudianteController.php on line 16.
 1 SYSTEMPATH/CodeIgniter.php(906): App\Controllers\Admin\EstudianteController->__construct()
 2 SYSTEMPATH/CodeIgniter.php(490): CodeIgniter\CodeIgniter->createController()
 3 SYSTEMPATH/CodeIgniter.php(368): CodeIgniter\CodeIgniter->handleRequest(null, Object(Config\Cache), false)
 4 FCPATH/index.php(67): CodeIgniter\CodeIgniter->run()
 5 SYSTEMPATH/Commands/Server/rewrite.php(47): require_once('/run/media/usrx/DEVELOPMENT/development/Proyectos/ITST/asesorias/public/index.php')
INFO - 2023-05-29 22:20:54 --> Session: Class initialized using 'CodeIgniter\Session\Handlers\FileHandler' driver.
WARNING - 2023-05-29 22:20:54 --> [DEPRECATED] Creation of dynamic property App\Controllers\Admin\EstudianteController::$session is deprecated in APPPATH/Controllers/Admin/EstudianteController.php on line 16.
 1 SYSTEMPATH/CodeIgniter.php(906): App\Controllers\Admin\EstudianteController->__construct()
 2 SYSTEMPATH/CodeIgniter.php(490): CodeIgniter\CodeIgniter->createController()
 3 SYSTEMPATH/CodeIgniter.php(368): CodeIgniter\CodeIgniter->handleRequest(null, Object(Config\Cache), false)
 4 FCPATH/index.php(67): CodeIgniter\CodeIgniter->run()
 5 SYSTEMPATH/Commands/Server/rewrite.php(47): require_once('/run/media/usrx/DEVELOPMENT/development/Proyectos/ITST/asesorias/public/index.php')
INFO - 2023-05-29 22:20:54 --> Session: Class initialized using 'CodeIgniter\Session\Handlers\FileHandler' driver.
WARNING - 2023-05-29 22:20:54 --> [DEPRECATED] Creation of dynamic property App\Controllers\Admin\EstudianteController::$session is deprecated in APPPATH/Controllers/Admin/EstudianteController.php on line 16.
 1 SYSTEMPATH/CodeIgniter.php(906): App\Controllers\Admin\EstudianteController->__construct()
 2 SYSTEMPATH/CodeIgniter.php(490): CodeIgniter\CodeIgniter->createController()
 3 SYSTEMPATH/CodeIgniter.php(368): CodeIgniter\CodeIgniter->handleRequest(null, Object(Config\Cache), false)
 4 FCPATH/index.php(67): CodeIgniter\CodeIgniter->run()
 5 SYSTEMPATH/Commands/Server/rewrite.php(47): require_once('/run/media/usrx/DEVELOPMENT/development/Proyectos/ITST/asesorias/public/index.php')
INFO - 2023-05-29 22:21:05 --> Session: Class initialized using 'CodeIgniter\Session\Handlers\FileHandler' driver.
WARNING - 2023-05-29 22:21:05 --> [DEPRECATED] Creation of dynamic property App\Controllers\Admin\EstudianteController::$session is deprecated in APPPATH/Controllers/Admin/EstudianteController.php on line 16.
 1 SYSTEMPATH/CodeIgniter.php(906): App\Controllers\Admin\EstudianteController->__construct()
 2 SYSTEMPATH/CodeIgniter.php(490): CodeIgniter\CodeIgniter->createController()
 3 SYSTEMPATH/CodeIgniter.php(368): CodeIgniter\CodeIgniter->handleRequest(null, Object(Config\Cache), false)
 4 FCPATH/index.php(67): CodeIgniter\CodeIgniter->run()
 5 SYSTEMPATH/Commands/Server/rewrite.php(47): require_once('/run/media/usrx/DEVELOPMENT/development/Proyectos/ITST/asesorias/public/index.php')
INFO - 2023-05-29 22:21:05 --> Session: Class initialized using 'CodeIgniter\Session\Handlers\FileHandler' driver.
WARNING - 2023-05-29 22:21:05 --> [DEPRECATED] Creation of dynamic property App\Controllers\Admin\EstudianteController::$session is deprecated in APPPATH/Controllers/Admin/EstudianteController.php on line 16.
 1 SYSTEMPATH/CodeIgniter.php(906): App\Controllers\Admin\EstudianteController->__construct()
 2 SYSTEMPATH/CodeIgniter.php(490): CodeIgniter\CodeIgniter->createController()
 3 SYSTEMPATH/CodeIgniter.php(368): CodeIgniter\CodeIgniter->handleRequest(null, Object(Config\Cache), false)
 4 FCPATH/index.php(67): CodeIgniter\CodeIgniter->run()
 5 SYSTEMPATH/Commands/Server/rewrite.php(47): require_once('/run/media/usrx/DEVELOPMENT/development/Proyectos/ITST/asesorias/public/index.php')
INFO - 2023-05-29 22:21:05 --> Session: Class initialized using 'CodeIgniter\Session\Handlers\FileHandler' driver.
WARNING - 2023-05-29 22:21:05 --> [DEPRECATED] Creation of dynamic property App\Controllers\Admin\EstudianteController::$session is deprecated in APPPATH/Controllers/Admin/EstudianteController.php on line 16.
 1 SYSTEMPATH/CodeIgniter.php(906): App\Controllers\Admin\EstudianteController->__construct()
 2 SYSTEMPATH/CodeIgniter.php(490): CodeIgniter\CodeIgniter->createController()
 3 SYSTEMPATH/CodeIgniter.php(368): CodeIgniter\CodeIgniter->handleRequest(null, Object(Config\Cache), false)
 4 FCPATH/index.php(67): CodeIgniter\CodeIgniter->run()
 5 SYSTEMPATH/Commands/Server/rewrite.php(47): require_once('/run/media/usrx/DEVELOPMENT/development/Proyectos/ITST/asesorias/public/index.php')
INFO - 2023-05-29 22:21:05 --> Session: Class initialized using 'CodeIgniter\Session\Handlers\FileHandler' driver.
WARNING - 2023-05-29 22:21:05 --> [DEPRECATED] Creation of dynamic property App\Controllers\Admin\EstudianteController::$session is deprecated in APPPATH/Controllers/Admin/EstudianteController.php on line 16.
 1 SYSTEMPATH/CodeIgniter.php(906): App\Controllers\Admin\EstudianteController->__construct()
 2 SYSTEMPATH/CodeIgniter.php(490): CodeIgniter\CodeIgniter->createController()
 3 SYSTEMPATH/CodeIgniter.php(368): CodeIgniter\CodeIgniter->handleRequest(null, Object(Config\Cache), false)
 4 FCPATH/index.php(67): CodeIgniter\CodeIgniter->run()
 5 SYSTEMPATH/Commands/Server/rewrite.php(47): require_once('/run/media/usrx/DEVELOPMENT/development/Proyectos/ITST/asesorias/public/index.php')
INFO - 2023-05-29 22:21:05 --> Session: Class initialized using 'CodeIgniter\Session\Handlers\FileHandler' driver.
WARNING - 2023-05-29 22:21:05 --> [DEPRECATED] Creation of dynamic property App\Controllers\Admin\EstudianteController::$session is deprecated in APPPATH/Controllers/Admin/EstudianteController.php on line 16.
 1 SYSTEMPATH/CodeIgniter.php(906): App\Controllers\Admin\EstudianteController->__construct()
 2 SYSTEMPATH/CodeIgniter.php(490): CodeIgniter\CodeIgniter->createController()
 3 SYSTEMPATH/CodeIgniter.php(368): CodeIgniter\CodeIgniter->handleRequest(null, Object(Config\Cache), false)
 4 FCPATH/index.php(67): CodeIgniter\CodeIgniter->run()
 5 SYSTEMPATH/Commands/Server/rewrite.php(47): require_once('/run/media/usrx/DEVELOPMENT/development/Proyectos/ITST/asesorias/public/index.php')
INFO - 2023-05-29 22:21:05 --> Session: Class initialized using 'CodeIgniter\Session\Handlers\FileHandler' driver.
WARNING - 2023-05-29 22:21:05 --> [DEPRECATED] Creation of dynamic property App\Controllers\Admin\EstudianteController::$session is deprecated in APPPATH/Controllers/Admin/EstudianteController.php on line 16.
 1 SYSTEMPATH/CodeIgniter.php(906): App\Controllers\Admin\EstudianteController->__construct()
 2 SYSTEMPATH/CodeIgniter.php(490): CodeIgniter\CodeIgniter->createController()
 3 SYSTEMPATH/CodeIgniter.php(368): CodeIgniter\CodeIgniter->handleRequest(null, Object(Config\Cache), false)
 4 FCPATH/index.php(67): CodeIgniter\CodeIgniter->run()
 5 SYSTEMPATH/Commands/Server/rewrite.php(47): require_once('/run/media/usrx/DEVELOPMENT/development/Proyectos/ITST/asesorias/public/index.php')
INFO - 2023-05-29 22:21:05 --> Session: Class initialized using 'CodeIgniter\Session\Handlers\FileHandler' driver.
WARNING - 2023-05-29 22:21:05 --> [DEPRECATED] Creation of dynamic property App\Controllers\Admin\EstudianteController::$session is deprecated in APPPATH/Controllers/Admin/EstudianteController.php on line 16.
 1 SYSTEMPATH/CodeIgniter.php(906): App\Controllers\Admin\EstudianteController->__construct()
 2 SYSTEMPATH/CodeIgniter.php(490): CodeIgniter\CodeIgniter->createController()
 3 SYSTEMPATH/CodeIgniter.php(368): CodeIgniter\CodeIgniter->handleRequest(null, Object(Config\Cache), false)
 4 FCPATH/index.php(67): CodeIgniter\CodeIgniter->run()
 5 SYSTEMPATH/Commands/Server/rewrite.php(47): require_once('/run/media/usrx/DEVELOPMENT/development/Proyectos/ITST/asesorias/public/index.php')
INFO - 2023-05-29 22:22:06 --> Session: Class initialized using 'CodeIgniter\Session\Handlers\FileHandler' driver.
WARNING - 2023-05-29 22:22:06 --> [DEPRECATED] Creation of dynamic property App\Controllers\Admin\EstudianteController::$session is deprecated in APPPATH/Controllers/Admin/EstudianteController.php on line 16.
 1 SYSTEMPATH/CodeIgniter.php(906): App\Controllers\Admin\EstudianteController->__construct()
 2 SYSTEMPATH/CodeIgniter.php(490): CodeIgniter\CodeIgniter->createController()
 3 SYSTEMPATH/CodeIgniter.php(368): CodeIgniter\CodeIgniter->handleRequest(null, Object(Config\Cache), false)
 4 FCPATH/index.php(67): CodeIgniter\CodeIgniter->run()
 5 SYSTEMPATH/Commands/Server/rewrite.php(47): require_once('/run/media/usrx/DEVELOPMENT/development/Proyectos/ITST/asesorias/public/index.php')
INFO - 2023-05-29 22:22:06 --> Session: Class initialized using 'CodeIgniter\Session\Handlers\FileHandler' driver.
WARNING - 2023-05-29 22:22:06 --> [DEPRECATED] Creation of dynamic property App\Controllers\Admin\EstudianteController::$session is deprecated in APPPATH/Controllers/Admin/EstudianteController.php on line 16.
 1 SYSTEMPATH/CodeIgniter.php(906): App\Controllers\Admin\EstudianteController->__construct()
 2 SYSTEMPATH/CodeIgniter.php(490): CodeIgniter\CodeIgniter->createController()
 3 SYSTEMPATH/CodeIgniter.php(368): CodeIgniter\CodeIgniter->handleRequest(null, Object(Config\Cache), false)
 4 FCPATH/index.php(67): CodeIgniter\CodeIgniter->run()
 5 SYSTEMPATH/Commands/Server/rewrite.php(47): require_once('/run/media/usrx/DEVELOPMENT/development/Proyectos/ITST/asesorias/public/index.php')
INFO - 2023-05-29 22:22:06 --> Session: Class initialized using 'CodeIgniter\Session\Handlers\FileHandler' driver.
WARNING - 2023-05-29 22:22:06 --> [DEPRECATED] Creation of dynamic property App\Controllers\Admin\EstudianteController::$session is deprecated in APPPATH/Controllers/Admin/EstudianteController.php on line 16.
 1 SYSTEMPATH/CodeIgniter.php(906): App\Controllers\Admin\EstudianteController->__construct()
 2 SYSTEMPATH/CodeIgniter.php(490): CodeIgniter\CodeIgniter->createController()
 3 SYSTEMPATH/CodeIgniter.php(368): CodeIgniter\CodeIgniter->handleRequest(null, Object(Config\Cache), false)
 4 FCPATH/index.php(67): CodeIgniter\CodeIgniter->run()
 5 SYSTEMPATH/Commands/Server/rewrite.php(47): require_once('/run/media/usrx/DEVELOPMENT/development/Proyectos/ITST/asesorias/public/index.php')
INFO - 2023-05-29 22:22:06 --> Session: Class initialized using 'CodeIgniter\Session\Handlers\FileHandler' driver.
WARNING - 2023-05-29 22:22:06 --> [DEPRECATED] Creation of dynamic property App\Controllers\Admin\EstudianteController::$session is deprecated in APPPATH/Controllers/Admin/EstudianteController.php on line 16.
 1 SYSTEMPATH/CodeIgniter.php(906): App\Controllers\Admin\EstudianteController->__construct()
 2 SYSTEMPATH/CodeIgniter.php(490): CodeIgniter\CodeIgniter->createController()
 3 SYSTEMPATH/CodeIgniter.php(368): CodeIgniter\CodeIgniter->handleRequest(null, Object(Config\Cache), false)
 4 FCPATH/index.php(67): CodeIgniter\CodeIgniter->run()
 5 SYSTEMPATH/Commands/Server/rewrite.php(47): require_once('/run/media/usrx/DEVELOPMENT/development/Proyectos/ITST/asesorias/public/index.php')
INFO - 2023-05-29 22:22:06 --> Session: Class initialized using 'CodeIgniter\Session\Handlers\FileHandler' driver.
WARNING - 2023-05-29 22:22:06 --> [DEPRECATED] Creation of dynamic property App\Controllers\Admin\EstudianteController::$session is deprecated in APPPATH/Controllers/Admin/EstudianteController.php on line 16.
 1 SYSTEMPATH/CodeIgniter.php(906): App\Controllers\Admin\EstudianteController->__construct()
 2 SYSTEMPATH/CodeIgniter.php(490): CodeIgniter\CodeIgniter->createController()
 3 SYSTEMPATH/CodeIgniter.php(368): CodeIgniter\CodeIgniter->handleRequest(null, Object(Config\Cache), false)
 4 FCPATH/index.php(67): CodeIgniter\CodeIgniter->run()
 5 SYSTEMPATH/Commands/Server/rewrite.php(47): require_once('/run/media/usrx/DEVELOPMENT/development/Proyectos/ITST/asesorias/public/index.php')
INFO - 2023-05-29 22:22:06 --> Session: Class initialized using 'CodeIgniter\Session\Handlers\FileHandler' driver.
WARNING - 2023-05-29 22:22:06 --> [DEPRECATED] Creation of dynamic property App\Controllers\Admin\EstudianteController::$session is deprecated in APPPATH/Controllers/Admin/EstudianteController.php on line 16.
 1 SYSTEMPATH/CodeIgniter.php(906): App\Controllers\Admin\EstudianteController->__construct()
 2 SYSTEMPATH/CodeIgniter.php(490): CodeIgniter\CodeIgniter->createController()
 3 SYSTEMPATH/CodeIgniter.php(368): CodeIgniter\CodeIgniter->handleRequest(null, Object(Config\Cache), false)
 4 FCPATH/index.php(67): CodeIgniter\CodeIgniter->run()
 5 SYSTEMPATH/Commands/Server/rewrite.php(47): require_once('/run/media/usrx/DEVELOPMENT/development/Proyectos/ITST/asesorias/public/index.php')
INFO - 2023-05-29 22:22:06 --> Session: Class initialized using 'CodeIgniter\Session\Handlers\FileHandler' driver.
WARNING - 2023-05-29 22:22:06 --> [DEPRECATED] Creation of dynamic property App\Controllers\Admin\EstudianteController::$session is deprecated in APPPATH/Controllers/Admin/EstudianteController.php on line 16.
 1 SYSTEMPATH/CodeIgniter.php(906): App\Controllers\Admin\EstudianteController->__construct()
 2 SYSTEMPATH/CodeIgniter.php(490): CodeIgniter\CodeIgniter->createController()
 3 SYSTEMPATH/CodeIgniter.php(368): CodeIgniter\CodeIgniter->handleRequest(null, Object(Config\Cache), false)
 4 FCPATH/index.php(67): CodeIgniter\CodeIgniter->run()
 5 SYSTEMPATH/Commands/Server/rewrite.php(47): require_once('/run/media/usrx/DEVELOPMENT/development/Proyectos/ITST/asesorias/public/index.php')
INFO - 2023-05-29 22:22:14 --> Session: Class initialized using 'CodeIgniter\Session\Handlers\FileHandler' driver.
WARNING - 2023-05-29 22:22:14 --> [DEPRECATED] Creation of dynamic property App\Controllers\Admin\EstudianteController::$session is deprecated in APPPATH/Controllers/Admin/EstudianteController.php on line 16.
 1 SYSTEMPATH/CodeIgniter.php(906): App\Controllers\Admin\EstudianteController->__construct()
 2 SYSTEMPATH/CodeIgniter.php(490): CodeIgniter\CodeIgniter->createController()
 3 SYSTEMPATH/CodeIgniter.php(368): CodeIgniter\CodeIgniter->handleRequest(null, Object(Config\Cache), false)
 4 FCPATH/index.php(67): CodeIgniter\CodeIgniter->run()
 5 SYSTEMPATH/Commands/Server/rewrite.php(47): require_once('/run/media/usrx/DEVELOPMENT/development/Proyectos/ITST/asesorias/public/index.php')
INFO - 2023-05-29 22:22:19 --> Session: Class initialized using 'CodeIgniter\Session\Handlers\FileHandler' driver.
INFO - 2023-05-29 22:22:31 --> Session: Class initialized using 'CodeIgniter\Session\Handlers\FileHandler' driver.
WARNING - 2023-05-29 22:22:31 --> [DEPRECATED] Creation of dynamic property App\Controllers\Admin\EstudianteController::$session is deprecated in APPPATH/Controllers/Admin/EstudianteController.php on line 16.
 1 SYSTEMPATH/CodeIgniter.php(906): App\Controllers\Admin\EstudianteController->__construct()
 2 SYSTEMPATH/CodeIgniter.php(490): CodeIgniter\CodeIgniter->createController()
 3 SYSTEMPATH/CodeIgniter.php(368): CodeIgniter\CodeIgniter->handleRequest(null, Object(Config\Cache), false)
 4 FCPATH/index.php(67): CodeIgniter\CodeIgniter->run()
 5 SYSTEMPATH/Commands/Server/rewrite.php(47): require_once('/run/media/usrx/DEVELOPMENT/development/Proyectos/ITST/asesorias/public/index.php')
INFO - 2023-05-29 22:27:29 --> Session: Class initialized using 'CodeIgniter\Session\Handlers\FileHandler' driver.
INFO - 2023-05-29 22:27:29 --> Session: Class initialized using 'CodeIgniter\Session\Handlers\FileHandler' driver.
INFO - 2023-05-29 22:33:22 --> Session: Class initialized using 'CodeIgniter\Session\Handlers\FileHandler' driver.
INFO - 2023-05-29 22:33:22 --> Session: Class initialized using 'CodeIgniter\Session\Handlers\FileHandler' driver.
INFO - 2023-05-29 22:33:55 --> Session: Class initialized using 'CodeIgniter\Session\Handlers\FileHandler' driver.
INFO - 2023-05-29 22:33:55 --> Session: Class initialized using 'CodeIgniter\Session\Handlers\FileHandler' driver.
INFO - 2023-05-29 22:35:30 --> Session: Class initialized using 'CodeIgniter\Session\Handlers\FileHandler' driver.
INFO - 2023-05-29 22:35:30 --> Session: Class initialized using 'CodeIgniter\Session\Handlers\FileHandler' driver.
INFO - 2023-05-29 22:47:42 --> Session: Class initialized using 'CodeIgniter\Session\Handlers\FileHandler' driver.
INFO - 2023-05-29 22:47:42 --> Session: Class initialized using 'CodeIgniter\Session\Handlers\FileHandler' driver.
INFO - 2023-05-29 22:48:29 --> Session: Class initialized using 'CodeIgniter\Session\Handlers\FileHandler' driver.
INFO - 2023-05-29 22:48:29 --> Session: Class initialized using 'CodeIgniter\Session\Handlers\FileHandler' driver.
INFO - 2023-05-29 22:49:24 --> Session: Class initialized using 'CodeIgniter\Session\Handlers\FileHandler' driver.
INFO - 2023-05-29 22:49:24 --> Session: Class initialized using 'CodeIgniter\Session\Handlers\FileHandler' driver.
INFO - 2023-05-29 22:49:40 --> Session: Class initialized using 'CodeIgniter\Session\Handlers\FileHandler' driver.
INFO - 2023-05-29 22:50:06 --> Session: Class initialized using 'CodeIgniter\Session\Handlers\FileHandler' driver.
INFO - 2023-05-29 22:50:18 --> Session: Class initialized using 'CodeIgniter\Session\Handlers\FileHandler' driver.
INFO - 2023-05-29 22:50:40 --> Session: Class initialized using 'CodeIgniter\Session\Handlers\FileHandler' driver.
INFO - 2023-05-29 22:50:58 --> Session: Class initialized using 'CodeIgniter\Session\Handlers\FileHandler' driver.
INFO - 2023-05-29 22:51:14 --> Session: Class initialized using 'CodeIgniter\Session\Handlers\FileHandler' driver.
INFO - 2023-05-29 22:51:37 --> Session: Class initialized using 'CodeIgniter\Session\Handlers\FileHandler' driver.
WARNING - 2023-05-29 22:51:37 --> [DEPRECATED] Creation of dynamic property App\Controllers\Admin\AsignaturaController::$session is deprecated in APPPATH/Controllers/Admin/AsignaturaController.php on line 16.
 1 SYSTEMPATH/CodeIgniter.php(906): App\Controllers\Admin\AsignaturaController->__construct()
 2 SYSTEMPATH/CodeIgniter.php(490): CodeIgniter\CodeIgniter->createController()
 3 SYSTEMPATH/CodeIgniter.php(368): CodeIgniter\CodeIgniter->handleRequest(null, Object(Config\Cache), false)
 4 FCPATH/index.php(67): CodeIgniter\CodeIgniter->run()
 5 SYSTEMPATH/Commands/Server/rewrite.php(47): require_once('/run/media/usrx/DEVELOPMENT/development/Proyectos/ITST/asesorias/public/index.php')
INFO - 2023-05-29 22:51:40 --> Session: Class initialized using 'CodeIgniter\Session\Handlers\FileHandler' driver.
INFO - 2023-05-29 22:53:10 --> Session: Class initialized using 'CodeIgniter\Session\Handlers\FileHandler' driver.
INFO - 2023-05-29 23:03:53 --> Session: Class initialized using 'CodeIgniter\Session\Handlers\FileHandler' driver.
INFO - 2023-05-29 23:03:58 --> Session: Class initialized using 'CodeIgniter\Session\Handlers\FileHandler' driver.
INFO - 2023-05-29 23:04:38 --> Session: Class initialized using 'CodeIgniter\Session\Handlers\FileHandler' driver.
