INFO - 2023-06-01 14:23:39 --> Session: Class initialized using 'CodeIgniter\Session\Handlers\FileHandler' driver.
WARNING - 2023-06-01 14:23:39 --> [DEPRECATED] Creation of dynamic property App\Controllers\RegistroController::$session is deprecated in APPPATH\Controllers\RegistroController.php on line 22.
 1 SYSTEMPATH\CodeIgniter.php(906): App\Controllers\RegistroController->__construct()
 2 SYSTEMPATH\CodeIgniter.php(490): CodeIgniter\CodeIgniter->createController()
 3 SYSTEMPATH\CodeIgniter.php(368): CodeIgniter\CodeIgniter->handleRequest(null, Object(Config\Cache), false)
 4 FCPATH\index.php(67): CodeIgniter\CodeIgniter->run()
 5 SYSTEMPATH\Commands\Server\rewrite.php(47): require_once('D:\\development\\Proyectos\\ITST\\asesorias\\public\\index.php')
INFO - 2023-06-01 14:24:17 --> Session: Class initialized using 'CodeIgniter\Session\Handlers\FileHandler' driver.
WARNING - 2023-06-01 14:24:17 --> [DEPRECATED] Creation of dynamic property App\Controllers\RegistroController::$session is deprecated in APPPATH\Controllers\RegistroController.php on line 22.
 1 SYSTEMPATH\CodeIgniter.php(906): App\Controllers\RegistroController->__construct()
 2 SYSTEMPATH\CodeIgniter.php(490): CodeIgniter\CodeIgniter->createController()
 3 SYSTEMPATH\CodeIgniter.php(368): CodeIgniter\CodeIgniter->handleRequest(null, Object(Config\Cache), false)
 4 FCPATH\index.php(67): CodeIgniter\CodeIgniter->run()
 5 SYSTEMPATH\Commands\Server\rewrite.php(47): require_once('D:\\development\\Proyectos\\ITST\\asesorias\\public\\index.php')
INFO - 2023-06-01 14:24:51 --> Session: Class initialized using 'CodeIgniter\Session\Handlers\FileHandler' driver.
WARNING - 2023-06-01 14:24:51 --> [DEPRECATED] Creation of dynamic property App\Controllers\RegistroController::$session is deprecated in APPPATH\Controllers\RegistroController.php on line 22.
 1 SYSTEMPATH\CodeIgniter.php(906): App\Controllers\RegistroController->__construct()
 2 SYSTEMPATH\CodeIgniter.php(490): CodeIgniter\CodeIgniter->createController()
 3 SYSTEMPATH\CodeIgniter.php(368): CodeIgniter\CodeIgniter->handleRequest(null, Object(Config\Cache), false)
 4 FCPATH\index.php(67): CodeIgniter\CodeIgniter->run()
 5 SYSTEMPATH\Commands\Server\rewrite.php(47): require_once('D:\\development\\Proyectos\\ITST\\asesorias\\public\\index.php')
ERROR - 2023-06-01 14:24:52 --> mysqli_sql_exception: Unknown column 'rol' in 'field list' in D:\development\Proyectos\ITST\asesorias\system\Database\MySQLi\Connection.php:295
Stack trace:
#0 D:\development\Proyectos\ITST\asesorias\system\Database\MySQLi\Connection.php(295): mysqli->query('INSERT INTO `es...', 0)
#1 D:\development\Proyectos\ITST\asesorias\system\Database\BaseConnection.php(691): CodeIgniter\Database\MySQLi\Connection->execute('INSERT INTO `es...')
#2 D:\development\Proyectos\ITST\asesorias\system\Database\BaseConnection.php(605): CodeIgniter\Database\BaseConnection->simpleQuery('INSERT INTO `es...')
#3 D:\development\Proyectos\ITST\asesorias\system\Database\BaseBuilder.php(2309): CodeIgniter\Database\BaseConnection->query('INSERT INTO `es...', Array, false)
#4 D:\development\Proyectos\ITST\asesorias\system\Model.php(330): CodeIgniter\Database\BaseBuilder->insert()
#5 D:\development\Proyectos\ITST\asesorias\system\BaseModel.php(782): CodeIgniter\Model->doInsert(Array)
#6 D:\development\Proyectos\ITST\asesorias\system\Model.php(730): CodeIgniter\BaseModel->insert(Array, false)
#7 D:\development\Proyectos\ITST\asesorias\system\BaseModel.php(692): CodeIgniter\Model->insert(Array, false)
#8 D:\development\Proyectos\ITST\asesorias\app\Controllers\RegistroController.php(109): CodeIgniter\BaseModel->save(Array)
#9 D:\development\Proyectos\ITST\asesorias\system\CodeIgniter.php(934): App\Controllers\RegistroController->create()
#10 D:\development\Proyectos\ITST\asesorias\system\CodeIgniter.php(499): CodeIgniter\CodeIgniter->runController(Object(App\Controllers\RegistroController))
#11 D:\development\Proyectos\ITST\asesorias\system\CodeIgniter.php(368): CodeIgniter\CodeIgniter->handleRequest(NULL, Object(Config\Cache), false)
#12 D:\development\Proyectos\ITST\asesorias\public\index.php(67): CodeIgniter\CodeIgniter->run()
#13 D:\development\Proyectos\ITST\asesorias\system\Commands\Server\rewrite.php(47): require_once('D:\\development\\...')
#14 {main}
CRITICAL - 2023-06-01 14:24:52 --> Unknown column 'rol' in 'field list'
in SYSTEMPATH\Database\MySQLi\Connection.php on line 295.
 1 SYSTEMPATH\Database\MySQLi\Connection.php(295): mysqli->query('INSERT INTO `estudiantes` (`numControl`, `carrera`, `rol`, `nombre`, `apaterno`, `amaterno`, `curp`, `email`, `password`, `sexo`, `bio`, `foto`, `created_at`, `updated_at`) VALUES (\'33TE0012\', \'2\', \'estudiante\', \'ANA\', \'LUNA\', \'jimeza\', \'\', \'ana@maiul.com\', \'$2y$10$23g/KAVMH8F0cLZKa9.gIe410iRqa2UsnwEHqtii2a6nlmBRKc.6y\', \'Mujer\', \'\', NULL, \'2023-06-01 14:24:52\', \'2023-06-01 14:24:52\')', 0)
 2 SYSTEMPATH\Database\BaseConnection.php(691): CodeIgniter\Database\MySQLi\Connection->execute('INSERT INTO `estudiantes` (`numControl`, `carrera`, `rol`, `nombre`, `apaterno`, `amaterno`, `curp`, `email`, `password`, `sexo`, `bio`, `foto`, `created_at`, `updated_at`) VALUES (\'33TE0012\', \'2\', \'estudiante\', \'ANA\', \'LUNA\', \'jimeza\', \'\', \'ana@maiul.com\', \'$2y$10$23g/KAVMH8F0cLZKa9.gIe410iRqa2UsnwEHqtii2a6nlmBRKc.6y\', \'Mujer\', \'\', NULL, \'2023-06-01 14:24:52\', \'2023-06-01 14:24:52\')')
 3 SYSTEMPATH\Database\BaseConnection.php(605): CodeIgniter\Database\BaseConnection->simpleQuery('INSERT INTO `estudiantes` (`numControl`, `carrera`, `rol`, `nombre`, `apaterno`, `amaterno`, `curp`, `email`, `password`, `sexo`, `bio`, `foto`, `created_at`, `updated_at`) VALUES (\'33TE0012\', \'2\', \'estudiante\', \'ANA\', \'LUNA\', \'jimeza\', \'\', \'ana@maiul.com\', \'$2y$10$23g/KAVMH8F0cLZKa9.gIe410iRqa2UsnwEHqtii2a6nlmBRKc.6y\', \'Mujer\', \'\', NULL, \'2023-06-01 14:24:52\', \'2023-06-01 14:24:52\')')
 4 SYSTEMPATH\Database\BaseBuilder.php(2309): CodeIgniter\Database\BaseConnection->query('INSERT INTO `estudiantes` (`numControl`, `carrera`, `rol`, `nombre`, `apaterno`, `amaterno`, `curp`, `email`, `password`, `sexo`, `bio`, `foto`, `created_at`, `updated_at`) VALUES (:numControl:, :carrera:, :rol:, :nombre:, :apaterno:, :amaterno:, :curp:, :email:, :password:, :sexo:, :bio:, :foto:, :created_at:, :updated_at:)', [...], false)
 5 SYSTEMPATH\Model.php(330): CodeIgniter\Database\BaseBuilder->insert()
 6 SYSTEMPATH\BaseModel.php(782): CodeIgniter\Model->doInsert([...])
 7 SYSTEMPATH\Model.php(730): CodeIgniter\BaseModel->insert([...], false)
 8 SYSTEMPATH\BaseModel.php(692): CodeIgniter\Model->insert([...], false)
 9 APPPATH\Controllers\RegistroController.php(109): CodeIgniter\BaseModel->save([...])
10 SYSTEMPATH\CodeIgniter.php(934): App\Controllers\RegistroController->create()
11 SYSTEMPATH\CodeIgniter.php(499): CodeIgniter\CodeIgniter->runController(Object(App\Controllers\RegistroController))
12 SYSTEMPATH\CodeIgniter.php(368): CodeIgniter\CodeIgniter->handleRequest(null, Object(Config\Cache), false)
13 FCPATH\index.php(67): CodeIgniter\CodeIgniter->run()
14 SYSTEMPATH\Commands\Server\rewrite.php(47): require_once('D:\\development\\Proyectos\\ITST\\asesorias\\public\\index.php')
INFO - 2023-06-01 14:28:36 --> Session: Class initialized using 'CodeIgniter\Session\Handlers\FileHandler' driver.
WARNING - 2023-06-01 14:28:36 --> [DEPRECATED] Creation of dynamic property App\Controllers\RegistroController::$session is deprecated in APPPATH\Controllers\RegistroController.php on line 22.
 1 SYSTEMPATH\CodeIgniter.php(906): App\Controllers\RegistroController->__construct()
 2 SYSTEMPATH\CodeIgniter.php(490): CodeIgniter\CodeIgniter->createController()
 3 SYSTEMPATH\CodeIgniter.php(368): CodeIgniter\CodeIgniter->handleRequest(null, Object(Config\Cache), false)
 4 FCPATH\index.php(67): CodeIgniter\CodeIgniter->run()
 5 SYSTEMPATH\Commands\Server\rewrite.php(47): require_once('D:\\development\\Proyectos\\ITST\\asesorias\\public\\index.php')
INFO - 2023-06-01 14:28:46 --> Session: Class initialized using 'CodeIgniter\Session\Handlers\FileHandler' driver.
WARNING - 2023-06-01 14:28:46 --> [DEPRECATED] Creation of dynamic property App\Controllers\RegistroController::$session is deprecated in APPPATH\Controllers\RegistroController.php on line 22.
 1 SYSTEMPATH\CodeIgniter.php(906): App\Controllers\RegistroController->__construct()
 2 SYSTEMPATH\CodeIgniter.php(490): CodeIgniter\CodeIgniter->createController()
 3 SYSTEMPATH\CodeIgniter.php(368): CodeIgniter\CodeIgniter->handleRequest(null, Object(Config\Cache), false)
 4 FCPATH\index.php(67): CodeIgniter\CodeIgniter->run()
 5 SYSTEMPATH\Commands\Server\rewrite.php(47): require_once('D:\\development\\Proyectos\\ITST\\asesorias\\public\\index.php')
INFO - 2023-06-01 14:29:10 --> Session: Class initialized using 'CodeIgniter\Session\Handlers\FileHandler' driver.
INFO - 2023-06-01 14:30:17 --> Session: Class initialized using 'CodeIgniter\Session\Handlers\FileHandler' driver.
WARNING - 2023-06-01 14:30:17 --> [DEPRECATED] Creation of dynamic property App\Controllers\RegistroController::$session is deprecated in APPPATH\Controllers\RegistroController.php on line 22.
 1 SYSTEMPATH\CodeIgniter.php(906): App\Controllers\RegistroController->__construct()
 2 SYSTEMPATH\CodeIgniter.php(490): CodeIgniter\CodeIgniter->createController()
 3 SYSTEMPATH\CodeIgniter.php(368): CodeIgniter\CodeIgniter->handleRequest(null, Object(Config\Cache), false)
 4 FCPATH\index.php(67): CodeIgniter\CodeIgniter->run()
 5 SYSTEMPATH\Commands\Server\rewrite.php(47): require_once('D:\\development\\Proyectos\\ITST\\asesorias\\public\\index.php')
ERROR - 2023-06-01 14:30:18 --> mysqli_sql_exception: Duplicate entry '' for key 'curp' in D:\development\Proyectos\ITST\asesorias\system\Database\MySQLi\Connection.php:295
Stack trace:
#0 D:\development\Proyectos\ITST\asesorias\system\Database\MySQLi\Connection.php(295): mysqli->query('INSERT INTO `es...', 0)
#1 D:\development\Proyectos\ITST\asesorias\system\Database\BaseConnection.php(691): CodeIgniter\Database\MySQLi\Connection->execute('INSERT INTO `es...')
#2 D:\development\Proyectos\ITST\asesorias\system\Database\BaseConnection.php(605): CodeIgniter\Database\BaseConnection->simpleQuery('INSERT INTO `es...')
#3 D:\development\Proyectos\ITST\asesorias\system\Database\BaseBuilder.php(2309): CodeIgniter\Database\BaseConnection->query('INSERT INTO `es...', Array, false)
#4 D:\development\Proyectos\ITST\asesorias\system\Model.php(330): CodeIgniter\Database\BaseBuilder->insert()
#5 D:\development\Proyectos\ITST\asesorias\system\BaseModel.php(782): CodeIgniter\Model->doInsert(Array)
#6 D:\development\Proyectos\ITST\asesorias\system\Model.php(730): CodeIgniter\BaseModel->insert(Array, false)
#7 D:\development\Proyectos\ITST\asesorias\system\BaseModel.php(692): CodeIgniter\Model->insert(Array, false)
#8 D:\development\Proyectos\ITST\asesorias\app\Controllers\RegistroController.php(109): CodeIgniter\BaseModel->save(Array)
#9 D:\development\Proyectos\ITST\asesorias\system\CodeIgniter.php(934): App\Controllers\RegistroController->create()
#10 D:\development\Proyectos\ITST\asesorias\system\CodeIgniter.php(499): CodeIgniter\CodeIgniter->runController(Object(App\Controllers\RegistroController))
#11 D:\development\Proyectos\ITST\asesorias\system\CodeIgniter.php(368): CodeIgniter\CodeIgniter->handleRequest(NULL, Object(Config\Cache), false)
#12 D:\development\Proyectos\ITST\asesorias\public\index.php(67): CodeIgniter\CodeIgniter->run()
#13 D:\development\Proyectos\ITST\asesorias\system\Commands\Server\rewrite.php(47): require_once('D:\\development\\...')
#14 {main}
CRITICAL - 2023-06-01 14:30:18 --> Duplicate entry '' for key 'curp'
in SYSTEMPATH\Database\MySQLi\Connection.php on line 295.
 1 SYSTEMPATH\Database\MySQLi\Connection.php(295): mysqli->query('INSERT INTO `estudiantes` (`numControl`, `carrera`, `nombre`, `apaterno`, `amaterno`, `curp`, `email`, `password`, `sexo`, `bio`, `foto`, `created_at`, `updated_at`) VALUES (\'22TE2345*\', \'1\', \'Suheidy\', \'Hernandez\', \'Ruiz\', \'\', \'suheidy@mail.com\', \'$2y$10$ZDtlGu9y2SlYxzw5eID/4Oum64HsVXcxdnOxfwh7YFcQEC7UFrgAC\', \'Hombre\', \'\', NULL, \'2023-06-01 14:30:18\', \'2023-06-01 14:30:18\')', 0)
 2 SYSTEMPATH\Database\BaseConnection.php(691): CodeIgniter\Database\MySQLi\Connection->execute('INSERT INTO `estudiantes` (`numControl`, `carrera`, `nombre`, `apaterno`, `amaterno`, `curp`, `email`, `password`, `sexo`, `bio`, `foto`, `created_at`, `updated_at`) VALUES (\'22TE2345*\', \'1\', \'Suheidy\', \'Hernandez\', \'Ruiz\', \'\', \'suheidy@mail.com\', \'$2y$10$ZDtlGu9y2SlYxzw5eID/4Oum64HsVXcxdnOxfwh7YFcQEC7UFrgAC\', \'Hombre\', \'\', NULL, \'2023-06-01 14:30:18\', \'2023-06-01 14:30:18\')')
 3 SYSTEMPATH\Database\BaseConnection.php(605): CodeIgniter\Database\BaseConnection->simpleQuery('INSERT INTO `estudiantes` (`numControl`, `carrera`, `nombre`, `apaterno`, `amaterno`, `curp`, `email`, `password`, `sexo`, `bio`, `foto`, `created_at`, `updated_at`) VALUES (\'22TE2345*\', \'1\', \'Suheidy\', \'Hernandez\', \'Ruiz\', \'\', \'suheidy@mail.com\', \'$2y$10$ZDtlGu9y2SlYxzw5eID/4Oum64HsVXcxdnOxfwh7YFcQEC7UFrgAC\', \'Hombre\', \'\', NULL, \'2023-06-01 14:30:18\', \'2023-06-01 14:30:18\')')
 4 SYSTEMPATH\Database\BaseBuilder.php(2309): CodeIgniter\Database\BaseConnection->query('INSERT INTO `estudiantes` (`numControl`, `carrera`, `nombre`, `apaterno`, `amaterno`, `curp`, `email`, `password`, `sexo`, `bio`, `foto`, `created_at`, `updated_at`) VALUES (:numControl:, :carrera:, :nombre:, :apaterno:, :amaterno:, :curp:, :email:, :password:, :sexo:, :bio:, :foto:, :created_at:, :updated_at:)', [...], false)
 5 SYSTEMPATH\Model.php(330): CodeIgniter\Database\BaseBuilder->insert()
 6 SYSTEMPATH\BaseModel.php(782): CodeIgniter\Model->doInsert([...])
 7 SYSTEMPATH\Model.php(730): CodeIgniter\BaseModel->insert([...], false)
 8 SYSTEMPATH\BaseModel.php(692): CodeIgniter\Model->insert([...], false)
 9 APPPATH\Controllers\RegistroController.php(109): CodeIgniter\BaseModel->save([...])
10 SYSTEMPATH\CodeIgniter.php(934): App\Controllers\RegistroController->create()
11 SYSTEMPATH\CodeIgniter.php(499): CodeIgniter\CodeIgniter->runController(Object(App\Controllers\RegistroController))
12 SYSTEMPATH\CodeIgniter.php(368): CodeIgniter\CodeIgniter->handleRequest(null, Object(Config\Cache), false)
13 FCPATH\index.php(67): CodeIgniter\CodeIgniter->run()
14 SYSTEMPATH\Commands\Server\rewrite.php(47): require_once('D:\\development\\Proyectos\\ITST\\asesorias\\public\\index.php')
INFO - 2023-06-01 14:30:21 --> Session: Class initialized using 'CodeIgniter\Session\Handlers\FileHandler' driver.
WARNING - 2023-06-01 14:30:21 --> [DEPRECATED] Creation of dynamic property App\Controllers\RegistroController::$session is deprecated in APPPATH\Controllers\RegistroController.php on line 22.
 1 SYSTEMPATH\CodeIgniter.php(906): App\Controllers\RegistroController->__construct()
 2 SYSTEMPATH\CodeIgniter.php(490): CodeIgniter\CodeIgniter->createController()
 3 SYSTEMPATH\CodeIgniter.php(368): CodeIgniter\CodeIgniter->handleRequest(null, Object(Config\Cache), false)
 4 FCPATH\index.php(67): CodeIgniter\CodeIgniter->run()
 5 SYSTEMPATH\Commands\Server\rewrite.php(47): require_once('D:\\development\\Proyectos\\ITST\\asesorias\\public\\index.php')
INFO - 2023-06-01 14:30:47 --> Session: Class initialized using 'CodeIgniter\Session\Handlers\FileHandler' driver.
WARNING - 2023-06-01 14:30:47 --> [DEPRECATED] Creation of dynamic property App\Controllers\RegistroController::$session is deprecated in APPPATH\Controllers\RegistroController.php on line 22.
 1 SYSTEMPATH\CodeIgniter.php(906): App\Controllers\RegistroController->__construct()
 2 SYSTEMPATH\CodeIgniter.php(490): CodeIgniter\CodeIgniter->createController()
 3 SYSTEMPATH\CodeIgniter.php(368): CodeIgniter\CodeIgniter->handleRequest(null, Object(Config\Cache), false)
 4 FCPATH\index.php(67): CodeIgniter\CodeIgniter->run()
 5 SYSTEMPATH\Commands\Server\rewrite.php(47): require_once('D:\\development\\Proyectos\\ITST\\asesorias\\public\\index.php')
INFO - 2023-06-01 14:31:12 --> Session: Class initialized using 'CodeIgniter\Session\Handlers\FileHandler' driver.
CRITICAL - 2023-06-01 14:31:12 --> Undefined array key "rol"
in APPPATH\Controllers\EstudianteController.php on line 62.
 1 APPPATH\Controllers\EstudianteController.php(62): CodeIgniter\Debug\Exceptions->errorHandler(2, 'Undefined array key "rol"', 'D:\\development\\Proyectos\\ITST\\asesorias\\app\\Controllers\\EstudianteController.php', 62)
 2 APPPATH\Controllers\EstudianteController.php(38): App\Controllers\EstudianteController->setUserSession([...])
 3 SYSTEMPATH\CodeIgniter.php(934): App\Controllers\EstudianteController->login()
 4 SYSTEMPATH\CodeIgniter.php(499): CodeIgniter\CodeIgniter->runController(Object(App\Controllers\EstudianteController))
 5 SYSTEMPATH\CodeIgniter.php(368): CodeIgniter\CodeIgniter->handleRequest(null, Object(Config\Cache), false)
 6 FCPATH\index.php(67): CodeIgniter\CodeIgniter->run()
 7 SYSTEMPATH\Commands\Server\rewrite.php(47): require_once('D:\\development\\Proyectos\\ITST\\asesorias\\public\\index.php')
INFO - 2023-06-01 14:32:18 --> Session: Class initialized using 'CodeIgniter\Session\Handlers\FileHandler' driver.
INFO - 2023-06-01 14:33:08 --> Session: Class initialized using 'CodeIgniter\Session\Handlers\FileHandler' driver.
INFO - 2023-06-01 14:33:46 --> Session: Class initialized using 'CodeIgniter\Session\Handlers\FileHandler' driver.
CRITICAL - 2023-06-01 14:33:46 --> Undefined array key "rol"
in APPPATH\Controllers\EstudianteController.php on line 40.
 1 APPPATH\Controllers\EstudianteController.php(40): CodeIgniter\Debug\Exceptions->errorHandler(2, 'Undefined array key "rol"', 'D:\\development\\Proyectos\\ITST\\asesorias\\app\\Controllers\\EstudianteController.php', 40)
 2 SYSTEMPATH\CodeIgniter.php(934): App\Controllers\EstudianteController->login()
 3 SYSTEMPATH\CodeIgniter.php(499): CodeIgniter\CodeIgniter->runController(Object(App\Controllers\EstudianteController))
 4 SYSTEMPATH\CodeIgniter.php(368): CodeIgniter\CodeIgniter->handleRequest(null, Object(Config\Cache), false)
 5 FCPATH\index.php(67): CodeIgniter\CodeIgniter->run()
 6 SYSTEMPATH\Commands\Server\rewrite.php(47): require_once('D:\\development\\Proyectos\\ITST\\asesorias\\public\\index.php')
INFO - 2023-06-01 14:37:11 --> Session: Class initialized using 'CodeIgniter\Session\Handlers\FileHandler' driver.
WARNING - 2023-06-01 14:37:11 --> [DEPRECATED] Creation of dynamic property App\Controllers\RegistroController::$session is deprecated in APPPATH\Controllers\RegistroController.php on line 22.
 1 SYSTEMPATH\CodeIgniter.php(906): App\Controllers\RegistroController->__construct()
 2 SYSTEMPATH\CodeIgniter.php(490): CodeIgniter\CodeIgniter->createController()
 3 SYSTEMPATH\CodeIgniter.php(368): CodeIgniter\CodeIgniter->handleRequest(null, Object(Config\Cache), false)
 4 FCPATH\index.php(67): CodeIgniter\CodeIgniter->run()
 5 SYSTEMPATH\Commands\Server\rewrite.php(47): require_once('D:\\development\\Proyectos\\ITST\\asesorias\\public\\index.php')
INFO - 2023-06-01 14:41:03 --> Session: Class initialized using 'CodeIgniter\Session\Handlers\FileHandler' driver.
WARNING - 2023-06-01 14:41:03 --> [DEPRECATED] Creation of dynamic property App\Controllers\RegistroController::$session is deprecated in APPPATH\Controllers\RegistroController.php on line 22.
 1 SYSTEMPATH\CodeIgniter.php(906): App\Controllers\RegistroController->__construct()
 2 SYSTEMPATH\CodeIgniter.php(490): CodeIgniter\CodeIgniter->createController()
 3 SYSTEMPATH\CodeIgniter.php(368): CodeIgniter\CodeIgniter->handleRequest(null, Object(Config\Cache), false)
 4 FCPATH\index.php(67): CodeIgniter\CodeIgniter->run()
 5 SYSTEMPATH\Commands\Server\rewrite.php(47): require_once('D:\\development\\Proyectos\\ITST\\asesorias\\public\\index.php')
INFO - 2023-06-01 14:41:49 --> Session: Class initialized using 'CodeIgniter\Session\Handlers\FileHandler' driver.
WARNING - 2023-06-01 14:41:49 --> [DEPRECATED] Creation of dynamic property App\Controllers\RegistroController::$session is deprecated in APPPATH\Controllers\RegistroController.php on line 22.
 1 SYSTEMPATH\CodeIgniter.php(906): App\Controllers\RegistroController->__construct()
 2 SYSTEMPATH\CodeIgniter.php(490): CodeIgniter\CodeIgniter->createController()
 3 SYSTEMPATH\CodeIgniter.php(368): CodeIgniter\CodeIgniter->handleRequest(null, Object(Config\Cache), false)
 4 FCPATH\index.php(67): CodeIgniter\CodeIgniter->run()
 5 SYSTEMPATH\Commands\Server\rewrite.php(47): require_once('D:\\development\\Proyectos\\ITST\\asesorias\\public\\index.php')
INFO - 2023-06-01 14:42:09 --> Session: Class initialized using 'CodeIgniter\Session\Handlers\FileHandler' driver.
INFO - 2023-06-01 14:42:27 --> Session: Class initialized using 'CodeIgniter\Session\Handlers\FileHandler' driver.
INFO - 2023-06-01 14:42:27 --> Session: Class initialized using 'CodeIgniter\Session\Handlers\FileHandler' driver.
INFO - 2023-06-01 14:45:03 --> Session: Class initialized using 'CodeIgniter\Session\Handlers\FileHandler' driver.
INFO - 2023-06-01 14:45:03 --> Session: Class initialized using 'CodeIgniter\Session\Handlers\FileHandler' driver.
INFO - 2023-06-01 14:45:06 --> Session: Class initialized using 'CodeIgniter\Session\Handlers\FileHandler' driver.
INFO - 2023-06-01 14:45:06 --> Session: Class initialized using 'CodeIgniter\Session\Handlers\FileHandler' driver.
INFO - 2023-06-01 14:45:27 --> Session: Class initialized using 'CodeIgniter\Session\Handlers\FileHandler' driver.
INFO - 2023-06-01 14:45:45 --> Session: Class initialized using 'CodeIgniter\Session\Handlers\FileHandler' driver.
INFO - 2023-06-01 14:46:04 --> Session: Class initialized using 'CodeIgniter\Session\Handlers\FileHandler' driver.
INFO - 2023-06-01 14:46:24 --> Session: Class initialized using 'CodeIgniter\Session\Handlers\FileHandler' driver.
INFO - 2023-06-01 14:46:25 --> Session: Class initialized using 'CodeIgniter\Session\Handlers\FileHandler' driver.
INFO - 2023-06-01 14:47:03 --> Session: Class initialized using 'CodeIgniter\Session\Handlers\FileHandler' driver.
INFO - 2023-06-01 14:47:07 --> Session: Class initialized using 'CodeIgniter\Session\Handlers\FileHandler' driver.
INFO - 2023-06-01 14:47:20 --> Session: Class initialized using 'CodeIgniter\Session\Handlers\FileHandler' driver.
INFO - 2023-06-01 14:47:20 --> Session: Class initialized using 'CodeIgniter\Session\Handlers\FileHandler' driver.
INFO - 2023-06-01 14:49:53 --> Session: Class initialized using 'CodeIgniter\Session\Handlers\FileHandler' driver.
INFO - 2023-06-01 14:50:06 --> Session: Class initialized using 'CodeIgniter\Session\Handlers\FileHandler' driver.
INFO - 2023-06-01 14:50:16 --> Session: Class initialized using 'CodeIgniter\Session\Handlers\FileHandler' driver.
INFO - 2023-06-01 14:51:30 --> Session: Class initialized using 'CodeIgniter\Session\Handlers\FileHandler' driver.
INFO - 2023-06-01 14:54:23 --> Session: Class initialized using 'CodeIgniter\Session\Handlers\FileHandler' driver.
INFO - 2023-06-01 14:55:14 --> Session: Class initialized using 'CodeIgniter\Session\Handlers\FileHandler' driver.
INFO - 2023-06-01 14:56:13 --> Session: Class initialized using 'CodeIgniter\Session\Handlers\FileHandler' driver.
INFO - 2023-06-01 14:59:04 --> Session: Class initialized using 'CodeIgniter\Session\Handlers\FileHandler' driver.
INFO - 2023-06-01 14:59:13 --> Session: Class initialized using 'CodeIgniter\Session\Handlers\FileHandler' driver.
INFO - 2023-06-01 14:59:13 --> Session: Class initialized using 'CodeIgniter\Session\Handlers\FileHandler' driver.
INFO - 2023-06-01 14:59:52 --> Session: Class initialized using 'CodeIgniter\Session\Handlers\FileHandler' driver.
INFO - 2023-06-01 14:59:52 --> Session: Class initialized using 'CodeIgniter\Session\Handlers\FileHandler' driver.
INFO - 2023-06-01 15:00:05 --> Session: Class initialized using 'CodeIgniter\Session\Handlers\FileHandler' driver.
INFO - 2023-06-01 15:00:22 --> Session: Class initialized using 'CodeIgniter\Session\Handlers\FileHandler' driver.
INFO - 2023-06-01 15:01:29 --> Session: Class initialized using 'CodeIgniter\Session\Handlers\FileHandler' driver.
INFO - 2023-06-01 15:01:54 --> Session: Class initialized using 'CodeIgniter\Session\Handlers\FileHandler' driver.
INFO - 2023-06-01 15:04:51 --> Session: Class initialized using 'CodeIgniter\Session\Handlers\FileHandler' driver.
INFO - 2023-06-01 15:04:51 --> Session: Class initialized using 'CodeIgniter\Session\Handlers\FileHandler' driver.
INFO - 2023-06-01 15:09:36 --> Session: Class initialized using 'CodeIgniter\Session\Handlers\FileHandler' driver.
INFO - 2023-06-01 15:09:36 --> Session: Class initialized using 'CodeIgniter\Session\Handlers\FileHandler' driver.
INFO - 2023-06-01 15:11:14 --> Session: Class initialized using 'CodeIgniter\Session\Handlers\FileHandler' driver.
CRITICAL - 2023-06-01 15:11:14 --> syntax error, unexpected identifier "logout", expecting "," or ";"
in APPPATH\Controllers\Estudiante\EstudianteController.php on line 14.
 1 SYSTEMPATH\Autoloader\Autoloader.php(289): CodeIgniter\Autoloader\Autoloader->includeFile('D:\\development\\Proyectos\\ITST\\asesorias\\app\\Controllers\\Estudiante\\EstudianteController.php')
 2 SYSTEMPATH\Autoloader\Autoloader.php(267): CodeIgniter\Autoloader\Autoloader->loadInNamespace('App\\Controllers\\Estudiante\\EstudianteController')
 3 [internal function]: CodeIgniter\Autoloader\Autoloader->loadClass('App\\Controllers\\Estudiante\\EstudianteController')
 4 SYSTEMPATH\CodeIgniter.php(892): class_exists('\\App\\Controllers\\Estudiante\\EstudianteController', true)
 5 SYSTEMPATH\CodeIgniter.php(486): CodeIgniter\CodeIgniter->startController()
 6 SYSTEMPATH\CodeIgniter.php(368): CodeIgniter\CodeIgniter->handleRequest(null, Object(Config\Cache), false)
 7 FCPATH\index.php(67): CodeIgniter\CodeIgniter->run()
 8 SYSTEMPATH\Commands\Server\rewrite.php(47): require_once('D:\\development\\Proyectos\\ITST\\asesorias\\public\\index.php')
INFO - 2023-06-01 15:11:46 --> Session: Class initialized using 'CodeIgniter\Session\Handlers\FileHandler' driver.
CRITICAL - 2023-06-01 15:11:46 --> syntax error, unexpected token "<"
in APPPATH\Controllers\Estudiante\EstudianteController.php on line 14.
 1 SYSTEMPATH\Autoloader\Autoloader.php(289): CodeIgniter\Autoloader\Autoloader->includeFile('D:\\development\\Proyectos\\ITST\\asesorias\\app\\Controllers\\Estudiante\\EstudianteController.php')
 2 SYSTEMPATH\Autoloader\Autoloader.php(267): CodeIgniter\Autoloader\Autoloader->loadInNamespace('App\\Controllers\\Estudiante\\EstudianteController')
 3 [internal function]: CodeIgniter\Autoloader\Autoloader->loadClass('App\\Controllers\\Estudiante\\EstudianteController')
 4 SYSTEMPATH\CodeIgniter.php(892): class_exists('\\App\\Controllers\\Estudiante\\EstudianteController', true)
 5 SYSTEMPATH\CodeIgniter.php(486): CodeIgniter\CodeIgniter->startController()
 6 SYSTEMPATH\CodeIgniter.php(368): CodeIgniter\CodeIgniter->handleRequest(null, Object(Config\Cache), false)
 7 FCPATH\index.php(67): CodeIgniter\CodeIgniter->run()
 8 SYSTEMPATH\Commands\Server\rewrite.php(47): require_once('D:\\development\\Proyectos\\ITST\\asesorias\\public\\index.php')
INFO - 2023-06-01 15:12:00 --> Session: Class initialized using 'CodeIgniter\Session\Handlers\FileHandler' driver.
CRITICAL - 2023-06-01 15:12:00 --> syntax error, unexpected token "<"
in APPPATH\Controllers\Estudiante\EstudianteController.php on line 14.
 1 SYSTEMPATH\Autoloader\Autoloader.php(289): CodeIgniter\Autoloader\Autoloader->includeFile('D:\\development\\Proyectos\\ITST\\asesorias\\app\\Controllers\\Estudiante\\EstudianteController.php')
 2 SYSTEMPATH\Autoloader\Autoloader.php(267): CodeIgniter\Autoloader\Autoloader->loadInNamespace('App\\Controllers\\Estudiante\\EstudianteController')
 3 [internal function]: CodeIgniter\Autoloader\Autoloader->loadClass('App\\Controllers\\Estudiante\\EstudianteController')
 4 SYSTEMPATH\CodeIgniter.php(892): class_exists('\\App\\Controllers\\Estudiante\\EstudianteController', true)
 5 SYSTEMPATH\CodeIgniter.php(486): CodeIgniter\CodeIgniter->startController()
 6 SYSTEMPATH\CodeIgniter.php(368): CodeIgniter\CodeIgniter->handleRequest(null, Object(Config\Cache), false)
 7 FCPATH\index.php(67): CodeIgniter\CodeIgniter->run()
 8 SYSTEMPATH\Commands\Server\rewrite.php(47): require_once('D:\\development\\Proyectos\\ITST\\asesorias\\public\\index.php')
INFO - 2023-06-01 15:13:12 --> Session: Class initialized using 'CodeIgniter\Session\Handlers\FileHandler' driver.
CRITICAL - 2023-06-01 15:13:12 --> syntax error, unexpected double-quoted string " . <?= base_url('logout') ?> . ", expecting "," or ";"
in APPPATH\Controllers\Estudiante\EstudianteController.php on line 14.
 1 SYSTEMPATH\Autoloader\Autoloader.php(289): CodeIgniter\Autoloader\Autoloader->includeFile('D:\\development\\Proyectos\\ITST\\asesorias\\app\\Controllers\\Estudiante\\EstudianteController.php')
 2 SYSTEMPATH\Autoloader\Autoloader.php(267): CodeIgniter\Autoloader\Autoloader->loadInNamespace('App\\Controllers\\Estudiante\\EstudianteController')
 3 [internal function]: CodeIgniter\Autoloader\Autoloader->loadClass('App\\Controllers\\Estudiante\\EstudianteController')
 4 SYSTEMPATH\CodeIgniter.php(892): class_exists('\\App\\Controllers\\Estudiante\\EstudianteController', true)
 5 SYSTEMPATH\CodeIgniter.php(486): CodeIgniter\CodeIgniter->startController()
 6 SYSTEMPATH\CodeIgniter.php(368): CodeIgniter\CodeIgniter->handleRequest(null, Object(Config\Cache), false)
 7 FCPATH\index.php(67): CodeIgniter\CodeIgniter->run()
 8 SYSTEMPATH\Commands\Server\rewrite.php(47): require_once('D:\\development\\Proyectos\\ITST\\asesorias\\public\\index.php')
INFO - 2023-06-01 15:15:28 --> Session: Class initialized using 'CodeIgniter\Session\Handlers\FileHandler' driver.
INFO - 2023-06-01 15:15:55 --> Session: Class initialized using 'CodeIgniter\Session\Handlers\FileHandler' driver.
INFO - 2023-06-01 15:15:56 --> Session: Class initialized using 'CodeIgniter\Session\Handlers\FileHandler' driver.
INFO - 2023-06-01 15:15:56 --> Session: Class initialized using 'CodeIgniter\Session\Handlers\FileHandler' driver.
INFO - 2023-06-01 15:20:08 --> Session: Class initialized using 'CodeIgniter\Session\Handlers\FileHandler' driver.
INFO - 2023-06-01 15:20:09 --> Session: Class initialized using 'CodeIgniter\Session\Handlers\FileHandler' driver.
INFO - 2023-06-01 15:20:11 --> Session: Class initialized using 'CodeIgniter\Session\Handlers\FileHandler' driver.
INFO - 2023-06-01 15:20:11 --> Session: Class initialized using 'CodeIgniter\Session\Handlers\FileHandler' driver.
INFO - 2023-06-01 15:21:12 --> Session: Class initialized using 'CodeIgniter\Session\Handlers\FileHandler' driver.
INFO - 2023-06-01 15:21:12 --> Session: Class initialized using 'CodeIgniter\Session\Handlers\FileHandler' driver.
INFO - 2023-06-01 15:22:55 --> Session: Class initialized using 'CodeIgniter\Session\Handlers\FileHandler' driver.
INFO - 2023-06-01 15:24:57 --> Session: Class initialized using 'CodeIgniter\Session\Handlers\FileHandler' driver.
INFO - 2023-06-01 15:26:27 --> Session: Class initialized using 'CodeIgniter\Session\Handlers\FileHandler' driver.
INFO - 2023-06-01 15:26:29 --> Session: Class initialized using 'CodeIgniter\Session\Handlers\FileHandler' driver.
INFO - 2023-06-01 15:26:29 --> Session: Class initialized using 'CodeIgniter\Session\Handlers\FileHandler' driver.
INFO - 2023-06-01 15:26:56 --> Session: Class initialized using 'CodeIgniter\Session\Handlers\FileHandler' driver.
INFO - 2023-06-01 15:26:56 --> Session: Class initialized using 'CodeIgniter\Session\Handlers\FileHandler' driver.
INFO - 2023-06-01 15:26:58 --> Session: Class initialized using 'CodeIgniter\Session\Handlers\FileHandler' driver.
INFO - 2023-06-01 15:26:58 --> Session: Class initialized using 'CodeIgniter\Session\Handlers\FileHandler' driver.
INFO - 2023-06-01 15:28:31 --> Session: Class initialized using 'CodeIgniter\Session\Handlers\FileHandler' driver.
INFO - 2023-06-01 15:28:32 --> Session: Class initialized using 'CodeIgniter\Session\Handlers\FileHandler' driver.
INFO - 2023-06-01 15:28:33 --> Session: Class initialized using 'CodeIgniter\Session\Handlers\FileHandler' driver.
INFO - 2023-06-01 15:28:34 --> Session: Class initialized using 'CodeIgniter\Session\Handlers\FileHandler' driver.
INFO - 2023-06-01 15:29:47 --> Session: Class initialized using 'CodeIgniter\Session\Handlers\FileHandler' driver.
INFO - 2023-06-01 15:29:47 --> Session: Class initialized using 'CodeIgniter\Session\Handlers\FileHandler' driver.
INFO - 2023-06-01 15:29:49 --> Session: Class initialized using 'CodeIgniter\Session\Handlers\FileHandler' driver.
CRITICAL - 2023-06-01 16:40:06 --> syntax error, unexpected variable "$this"
in APPPATH\Controllers\RegistroController.php on line 110.
 1 SYSTEMPATH\Autoloader\Autoloader.php(289): CodeIgniter\Autoloader\Autoloader->includeFile('D:\\development\\Proyectos\\ITST\\asesorias\\app\\Controllers\\RegistroController.php')
 2 SYSTEMPATH\Autoloader\Autoloader.php(267): CodeIgniter\Autoloader\Autoloader->loadInNamespace('App\\Controllers\\RegistroController')
 3 [internal function]: CodeIgniter\Autoloader\Autoloader->loadClass('App\\Controllers\\RegistroController')
 4 SYSTEMPATH\CodeIgniter.php(892): class_exists('\\App\\Controllers\\RegistroController', true)
 5 SYSTEMPATH\CodeIgniter.php(486): CodeIgniter\CodeIgniter->startController()
 6 SYSTEMPATH\CodeIgniter.php(368): CodeIgniter\CodeIgniter->handleRequest(null, Object(Config\Cache), false)
 7 FCPATH\index.php(67): CodeIgniter\CodeIgniter->run()
 8 SYSTEMPATH\Commands\Server\rewrite.php(47): require_once('D:\\development\\Proyectos\\ITST\\asesorias\\public\\index.php')
INFO - 2023-06-01 16:40:38 --> Session: Class initialized using 'CodeIgniter\Session\Handlers\FileHandler' driver.
WARNING - 2023-06-01 16:40:38 --> [DEPRECATED] Creation of dynamic property App\Controllers\RegistroController::$session is deprecated in APPPATH\Controllers\RegistroController.php on line 22.
 1 SYSTEMPATH\CodeIgniter.php(906): App\Controllers\RegistroController->__construct()
 2 SYSTEMPATH\CodeIgniter.php(490): CodeIgniter\CodeIgniter->createController()
 3 SYSTEMPATH\CodeIgniter.php(368): CodeIgniter\CodeIgniter->handleRequest(null, Object(Config\Cache), false)
 4 FCPATH\index.php(67): CodeIgniter\CodeIgniter->run()
 5 SYSTEMPATH\Commands\Server\rewrite.php(47): require_once('D:\\development\\Proyectos\\ITST\\asesorias\\public\\index.php')
INFO - 2023-06-01 16:42:10 --> Session: Class initialized using 'CodeIgniter\Session\Handlers\FileHandler' driver.
WARNING - 2023-06-01 16:42:10 --> [DEPRECATED] Creation of dynamic property App\Controllers\RegistroController::$session is deprecated in APPPATH\Controllers\RegistroController.php on line 22.
 1 SYSTEMPATH\CodeIgniter.php(906): App\Controllers\RegistroController->__construct()
 2 SYSTEMPATH\CodeIgniter.php(490): CodeIgniter\CodeIgniter->createController()
 3 SYSTEMPATH\CodeIgniter.php(368): CodeIgniter\CodeIgniter->handleRequest(null, Object(Config\Cache), false)
 4 FCPATH\index.php(67): CodeIgniter\CodeIgniter->run()
 5 SYSTEMPATH\Commands\Server\rewrite.php(47): require_once('D:\\development\\Proyectos\\ITST\\asesorias\\public\\index.php')
INFO - 2023-06-01 16:42:38 --> Session: Class initialized using 'CodeIgniter\Session\Handlers\FileHandler' driver.
INFO - 2023-06-01 16:42:39 --> Session: Class initialized using 'CodeIgniter\Session\Handlers\FileHandler' driver.
INFO - 2023-06-01 16:42:42 --> Session: Class initialized using 'CodeIgniter\Session\Handlers\FileHandler' driver.
INFO - 2023-06-01 16:43:01 --> Session: Class initialized using 'CodeIgniter\Session\Handlers\FileHandler' driver.
INFO - 2023-06-01 16:43:02 --> Session: Class initialized using 'CodeIgniter\Session\Handlers\FileHandler' driver.
INFO - 2023-06-01 16:46:58 --> Session: Class initialized using 'CodeIgniter\Session\Handlers\FileHandler' driver.
WARNING - 2023-06-01 16:46:58 --> [DEPRECATED] Creation of dynamic property App\Controllers\RegistroController::$session is deprecated in APPPATH\Controllers\RegistroController.php on line 22.
 1 SYSTEMPATH\CodeIgniter.php(906): App\Controllers\RegistroController->__construct()
 2 SYSTEMPATH\CodeIgniter.php(490): CodeIgniter\CodeIgniter->createController()
 3 SYSTEMPATH\CodeIgniter.php(368): CodeIgniter\CodeIgniter->handleRequest(null, Object(Config\Cache), false)
 4 FCPATH\index.php(67): CodeIgniter\CodeIgniter->run()
 5 SYSTEMPATH\Commands\Server\rewrite.php(47): require_once('D:\\development\\Proyectos\\ITST\\asesorias\\public\\index.php')
INFO - 2023-06-01 16:47:23 --> Session: Class initialized using 'CodeIgniter\Session\Handlers\FileHandler' driver.
WARNING - 2023-06-01 16:47:23 --> [DEPRECATED] Creation of dynamic property App\Controllers\RegistroController::$session is deprecated in APPPATH\Controllers\RegistroController.php on line 22.
 1 SYSTEMPATH\CodeIgniter.php(906): App\Controllers\RegistroController->__construct()
 2 SYSTEMPATH\CodeIgniter.php(490): CodeIgniter\CodeIgniter->createController()
 3 SYSTEMPATH\CodeIgniter.php(368): CodeIgniter\CodeIgniter->handleRequest(null, Object(Config\Cache), false)
 4 FCPATH\index.php(67): CodeIgniter\CodeIgniter->run()
 5 SYSTEMPATH\Commands\Server\rewrite.php(47): require_once('D:\\development\\Proyectos\\ITST\\asesorias\\public\\index.php')
INFO - 2023-06-01 16:48:12 --> Session: Class initialized using 'CodeIgniter\Session\Handlers\FileHandler' driver.
WARNING - 2023-06-01 16:48:12 --> [DEPRECATED] Creation of dynamic property App\Controllers\RegistroController::$session is deprecated in APPPATH\Controllers\RegistroController.php on line 22.
 1 SYSTEMPATH\CodeIgniter.php(906): App\Controllers\RegistroController->__construct()
 2 SYSTEMPATH\CodeIgniter.php(490): CodeIgniter\CodeIgniter->createController()
 3 SYSTEMPATH\CodeIgniter.php(368): CodeIgniter\CodeIgniter->handleRequest(null, Object(Config\Cache), false)
 4 FCPATH\index.php(67): CodeIgniter\CodeIgniter->run()
 5 SYSTEMPATH\Commands\Server\rewrite.php(47): require_once('D:\\development\\Proyectos\\ITST\\asesorias\\public\\index.php')
INFO - 2023-06-01 16:48:50 --> Session: Class initialized using 'CodeIgniter\Session\Handlers\FileHandler' driver.
WARNING - 2023-06-01 16:48:50 --> [DEPRECATED] Creation of dynamic property App\Controllers\RegistroController::$session is deprecated in APPPATH\Controllers\RegistroController.php on line 22.
 1 SYSTEMPATH\CodeIgniter.php(906): App\Controllers\RegistroController->__construct()
 2 SYSTEMPATH\CodeIgniter.php(490): CodeIgniter\CodeIgniter->createController()
 3 SYSTEMPATH\CodeIgniter.php(368): CodeIgniter\CodeIgniter->handleRequest(null, Object(Config\Cache), false)
 4 FCPATH\index.php(67): CodeIgniter\CodeIgniter->run()
 5 SYSTEMPATH\Commands\Server\rewrite.php(47): require_once('D:\\development\\Proyectos\\ITST\\asesorias\\public\\index.php')
INFO - 2023-06-01 16:50:20 --> Session: Class initialized using 'CodeIgniter\Session\Handlers\FileHandler' driver.
WARNING - 2023-06-01 16:50:20 --> [DEPRECATED] Creation of dynamic property App\Controllers\RegistroController::$session is deprecated in APPPATH\Controllers\RegistroController.php on line 22.
 1 SYSTEMPATH\CodeIgniter.php(906): App\Controllers\RegistroController->__construct()
 2 SYSTEMPATH\CodeIgniter.php(490): CodeIgniter\CodeIgniter->createController()
 3 SYSTEMPATH\CodeIgniter.php(368): CodeIgniter\CodeIgniter->handleRequest(null, Object(Config\Cache), false)
 4 FCPATH\index.php(67): CodeIgniter\CodeIgniter->run()
 5 SYSTEMPATH\Commands\Server\rewrite.php(47): require_once('D:\\development\\Proyectos\\ITST\\asesorias\\public\\index.php')
INFO - 2023-06-01 16:56:45 --> Session: Class initialized using 'CodeIgniter\Session\Handlers\FileHandler' driver.
WARNING - 2023-06-01 16:56:45 --> [DEPRECATED] Creation of dynamic property App\Controllers\RegistroController::$session is deprecated in APPPATH\Controllers\RegistroController.php on line 22.
 1 SYSTEMPATH\CodeIgniter.php(906): App\Controllers\RegistroController->__construct()
 2 SYSTEMPATH\CodeIgniter.php(490): CodeIgniter\CodeIgniter->createController()
 3 SYSTEMPATH\CodeIgniter.php(368): CodeIgniter\CodeIgniter->handleRequest(null, Object(Config\Cache), false)
 4 FCPATH\index.php(67): CodeIgniter\CodeIgniter->run()
 5 SYSTEMPATH\Commands\Server\rewrite.php(47): require_once('D:\\development\\Proyectos\\ITST\\asesorias\\public\\index.php')
INFO - 2023-06-01 16:56:58 --> Session: Class initialized using 'CodeIgniter\Session\Handlers\FileHandler' driver.
WARNING - 2023-06-01 16:56:58 --> [DEPRECATED] Creation of dynamic property App\Controllers\RegistroController::$session is deprecated in APPPATH\Controllers\RegistroController.php on line 22.
 1 SYSTEMPATH\CodeIgniter.php(906): App\Controllers\RegistroController->__construct()
 2 SYSTEMPATH\CodeIgniter.php(490): CodeIgniter\CodeIgniter->createController()
 3 SYSTEMPATH\CodeIgniter.php(368): CodeIgniter\CodeIgniter->handleRequest(null, Object(Config\Cache), false)
 4 FCPATH\index.php(67): CodeIgniter\CodeIgniter->run()
 5 SYSTEMPATH\Commands\Server\rewrite.php(47): require_once('D:\\development\\Proyectos\\ITST\\asesorias\\public\\index.php')
INFO - 2023-06-01 16:57:00 --> Session: Class initialized using 'CodeIgniter\Session\Handlers\FileHandler' driver.
WARNING - 2023-06-01 16:57:00 --> [DEPRECATED] Creation of dynamic property App\Controllers\RegistroController::$session is deprecated in APPPATH\Controllers\RegistroController.php on line 22.
 1 SYSTEMPATH\CodeIgniter.php(906): App\Controllers\RegistroController->__construct()
 2 SYSTEMPATH\CodeIgniter.php(490): CodeIgniter\CodeIgniter->createController()
 3 SYSTEMPATH\CodeIgniter.php(368): CodeIgniter\CodeIgniter->handleRequest(null, Object(Config\Cache), false)
 4 FCPATH\index.php(67): CodeIgniter\CodeIgniter->run()
 5 SYSTEMPATH\Commands\Server\rewrite.php(47): require_once('D:\\development\\Proyectos\\ITST\\asesorias\\public\\index.php')
INFO - 2023-06-01 16:57:11 --> Session: Class initialized using 'CodeIgniter\Session\Handlers\FileHandler' driver.
WARNING - 2023-06-01 16:57:11 --> [DEPRECATED] Creation of dynamic property App\Controllers\RegistroController::$session is deprecated in APPPATH\Controllers\RegistroController.php on line 22.
 1 SYSTEMPATH\CodeIgniter.php(906): App\Controllers\RegistroController->__construct()
 2 SYSTEMPATH\CodeIgniter.php(490): CodeIgniter\CodeIgniter->createController()
 3 SYSTEMPATH\CodeIgniter.php(368): CodeIgniter\CodeIgniter->handleRequest(null, Object(Config\Cache), false)
 4 FCPATH\index.php(67): CodeIgniter\CodeIgniter->run()
 5 SYSTEMPATH\Commands\Server\rewrite.php(47): require_once('D:\\development\\Proyectos\\ITST\\asesorias\\public\\index.php')
INFO - 2023-06-01 16:57:45 --> Session: Class initialized using 'CodeIgniter\Session\Handlers\FileHandler' driver.
WARNING - 2023-06-01 16:57:45 --> [DEPRECATED] Creation of dynamic property App\Controllers\RegistroController::$session is deprecated in APPPATH\Controllers\RegistroController.php on line 22.
 1 SYSTEMPATH\CodeIgniter.php(906): App\Controllers\RegistroController->__construct()
 2 SYSTEMPATH\CodeIgniter.php(490): CodeIgniter\CodeIgniter->createController()
 3 SYSTEMPATH\CodeIgniter.php(368): CodeIgniter\CodeIgniter->handleRequest(null, Object(Config\Cache), false)
 4 FCPATH\index.php(67): CodeIgniter\CodeIgniter->run()
 5 SYSTEMPATH\Commands\Server\rewrite.php(47): require_once('D:\\development\\Proyectos\\ITST\\asesorias\\public\\index.php')
INFO - 2023-06-01 16:57:53 --> Session: Class initialized using 'CodeIgniter\Session\Handlers\FileHandler' driver.
WARNING - 2023-06-01 16:57:53 --> [DEPRECATED] Creation of dynamic property App\Controllers\RegistroController::$session is deprecated in APPPATH\Controllers\RegistroController.php on line 22.
 1 SYSTEMPATH\CodeIgniter.php(906): App\Controllers\RegistroController->__construct()
 2 SYSTEMPATH\CodeIgniter.php(490): CodeIgniter\CodeIgniter->createController()
 3 SYSTEMPATH\CodeIgniter.php(368): CodeIgniter\CodeIgniter->handleRequest(null, Object(Config\Cache), false)
 4 FCPATH\index.php(67): CodeIgniter\CodeIgniter->run()
 5 SYSTEMPATH\Commands\Server\rewrite.php(47): require_once('D:\\development\\Proyectos\\ITST\\asesorias\\public\\index.php')
INFO - 2023-06-01 16:59:58 --> Session: Class initialized using 'CodeIgniter\Session\Handlers\FileHandler' driver.
WARNING - 2023-06-01 16:59:58 --> [DEPRECATED] Creation of dynamic property App\Controllers\RegistroController::$session is deprecated in APPPATH\Controllers\RegistroController.php on line 22.
 1 SYSTEMPATH\CodeIgniter.php(906): App\Controllers\RegistroController->__construct()
 2 SYSTEMPATH\CodeIgniter.php(490): CodeIgniter\CodeIgniter->createController()
 3 SYSTEMPATH\CodeIgniter.php(368): CodeIgniter\CodeIgniter->handleRequest(null, Object(Config\Cache), false)
 4 FCPATH\index.php(67): CodeIgniter\CodeIgniter->run()
 5 SYSTEMPATH\Commands\Server\rewrite.php(47): require_once('D:\\development\\Proyectos\\ITST\\asesorias\\public\\index.php')
INFO - 2023-06-01 17:00:51 --> Session: Class initialized using 'CodeIgniter\Session\Handlers\FileHandler' driver.
WARNING - 2023-06-01 17:00:51 --> [DEPRECATED] Creation of dynamic property App\Controllers\RegistroController::$session is deprecated in APPPATH\Controllers\RegistroController.php on line 22.
 1 SYSTEMPATH\CodeIgniter.php(906): App\Controllers\RegistroController->__construct()
 2 SYSTEMPATH\CodeIgniter.php(490): CodeIgniter\CodeIgniter->createController()
 3 SYSTEMPATH\CodeIgniter.php(368): CodeIgniter\CodeIgniter->handleRequest(null, Object(Config\Cache), false)
 4 FCPATH\index.php(67): CodeIgniter\CodeIgniter->run()
 5 SYSTEMPATH\Commands\Server\rewrite.php(47): require_once('D:\\development\\Proyectos\\ITST\\asesorias\\public\\index.php')
INFO - 2023-06-01 17:01:33 --> Session: Class initialized using 'CodeIgniter\Session\Handlers\FileHandler' driver.
WARNING - 2023-06-01 17:01:33 --> [DEPRECATED] Creation of dynamic property App\Controllers\RegistroController::$session is deprecated in APPPATH\Controllers\RegistroController.php on line 22.
 1 SYSTEMPATH\CodeIgniter.php(906): App\Controllers\RegistroController->__construct()
 2 SYSTEMPATH\CodeIgniter.php(490): CodeIgniter\CodeIgniter->createController()
 3 SYSTEMPATH\CodeIgniter.php(368): CodeIgniter\CodeIgniter->handleRequest(null, Object(Config\Cache), false)
 4 FCPATH\index.php(67): CodeIgniter\CodeIgniter->run()
 5 SYSTEMPATH\Commands\Server\rewrite.php(47): require_once('D:\\development\\Proyectos\\ITST\\asesorias\\public\\index.php')
INFO - 2023-06-01 17:01:35 --> Session: Class initialized using 'CodeIgniter\Session\Handlers\FileHandler' driver.
WARNING - 2023-06-01 17:01:35 --> [DEPRECATED] Creation of dynamic property App\Controllers\RegistroController::$session is deprecated in APPPATH\Controllers\RegistroController.php on line 22.
 1 SYSTEMPATH\CodeIgniter.php(906): App\Controllers\RegistroController->__construct()
 2 SYSTEMPATH\CodeIgniter.php(490): CodeIgniter\CodeIgniter->createController()
 3 SYSTEMPATH\CodeIgniter.php(368): CodeIgniter\CodeIgniter->handleRequest(null, Object(Config\Cache), false)
 4 FCPATH\index.php(67): CodeIgniter\CodeIgniter->run()
 5 SYSTEMPATH\Commands\Server\rewrite.php(47): require_once('D:\\development\\Proyectos\\ITST\\asesorias\\public\\index.php')
INFO - 2023-06-01 17:02:18 --> Session: Class initialized using 'CodeIgniter\Session\Handlers\FileHandler' driver.
WARNING - 2023-06-01 17:02:18 --> [DEPRECATED] Creation of dynamic property App\Controllers\RegistroController::$session is deprecated in APPPATH\Controllers\RegistroController.php on line 22.
 1 SYSTEMPATH\CodeIgniter.php(906): App\Controllers\RegistroController->__construct()
 2 SYSTEMPATH\CodeIgniter.php(490): CodeIgniter\CodeIgniter->createController()
 3 SYSTEMPATH\CodeIgniter.php(368): CodeIgniter\CodeIgniter->handleRequest(null, Object(Config\Cache), false)
 4 FCPATH\index.php(67): CodeIgniter\CodeIgniter->run()
 5 SYSTEMPATH\Commands\Server\rewrite.php(47): require_once('D:\\development\\Proyectos\\ITST\\asesorias\\public\\index.php')
INFO - 2023-06-01 17:07:20 --> Session: Class initialized using 'CodeIgniter\Session\Handlers\FileHandler' driver.
WARNING - 2023-06-01 17:07:20 --> [DEPRECATED] Creation of dynamic property App\Controllers\RegistroController::$session is deprecated in APPPATH\Controllers\RegistroController.php on line 22.
 1 SYSTEMPATH\CodeIgniter.php(906): App\Controllers\RegistroController->__construct()
 2 SYSTEMPATH\CodeIgniter.php(490): CodeIgniter\CodeIgniter->createController()
 3 SYSTEMPATH\CodeIgniter.php(368): CodeIgniter\CodeIgniter->handleRequest(null, Object(Config\Cache), false)
 4 FCPATH\index.php(67): CodeIgniter\CodeIgniter->run()
 5 SYSTEMPATH\Commands\Server\rewrite.php(47): require_once('D:\\development\\Proyectos\\ITST\\asesorias\\public\\index.php')
INFO - 2023-06-01 17:15:07 --> Session: Class initialized using 'CodeIgniter\Session\Handlers\FileHandler' driver.
WARNING - 2023-06-01 17:15:07 --> [DEPRECATED] Creation of dynamic property App\Controllers\RegistroController::$session is deprecated in APPPATH\Controllers\RegistroController.php on line 22.
 1 SYSTEMPATH\CodeIgniter.php(906): App\Controllers\RegistroController->__construct()
 2 SYSTEMPATH\CodeIgniter.php(490): CodeIgniter\CodeIgniter->createController()
 3 SYSTEMPATH\CodeIgniter.php(368): CodeIgniter\CodeIgniter->handleRequest(null, Object(Config\Cache), false)
 4 FCPATH\index.php(67): CodeIgniter\CodeIgniter->run()
 5 SYSTEMPATH\Commands\Server\rewrite.php(47): require_once('D:\\development\\Proyectos\\ITST\\asesorias\\public\\index.php')
INFO - 2023-06-01 17:15:26 --> Session: Class initialized using 'CodeIgniter\Session\Handlers\FileHandler' driver.
WARNING - 2023-06-01 17:15:26 --> [DEPRECATED] Creation of dynamic property App\Controllers\RegistroController::$session is deprecated in APPPATH\Controllers\RegistroController.php on line 22.
 1 SYSTEMPATH\CodeIgniter.php(906): App\Controllers\RegistroController->__construct()
 2 SYSTEMPATH\CodeIgniter.php(490): CodeIgniter\CodeIgniter->createController()
 3 SYSTEMPATH\CodeIgniter.php(368): CodeIgniter\CodeIgniter->handleRequest(null, Object(Config\Cache), false)
 4 FCPATH\index.php(67): CodeIgniter\CodeIgniter->run()
 5 SYSTEMPATH\Commands\Server\rewrite.php(47): require_once('D:\\development\\Proyectos\\ITST\\asesorias\\public\\index.php')
INFO - 2023-06-01 17:16:03 --> Session: Class initialized using 'CodeIgniter\Session\Handlers\FileHandler' driver.
WARNING - 2023-06-01 17:16:03 --> [DEPRECATED] Creation of dynamic property App\Controllers\RegistroController::$session is deprecated in APPPATH\Controllers\RegistroController.php on line 22.
 1 SYSTEMPATH\CodeIgniter.php(906): App\Controllers\RegistroController->__construct()
 2 SYSTEMPATH\CodeIgniter.php(490): CodeIgniter\CodeIgniter->createController()
 3 SYSTEMPATH\CodeIgniter.php(368): CodeIgniter\CodeIgniter->handleRequest(null, Object(Config\Cache), false)
 4 FCPATH\index.php(67): CodeIgniter\CodeIgniter->run()
 5 SYSTEMPATH\Commands\Server\rewrite.php(47): require_once('D:\\development\\Proyectos\\ITST\\asesorias\\public\\index.php')
INFO - 2023-06-01 17:16:20 --> Session: Class initialized using 'CodeIgniter\Session\Handlers\FileHandler' driver.
WARNING - 2023-06-01 17:16:20 --> [DEPRECATED] Creation of dynamic property App\Controllers\RegistroController::$session is deprecated in APPPATH\Controllers\RegistroController.php on line 22.
 1 SYSTEMPATH\CodeIgniter.php(906): App\Controllers\RegistroController->__construct()
 2 SYSTEMPATH\CodeIgniter.php(490): CodeIgniter\CodeIgniter->createController()
 3 SYSTEMPATH\CodeIgniter.php(368): CodeIgniter\CodeIgniter->handleRequest(null, Object(Config\Cache), false)
 4 FCPATH\index.php(67): CodeIgniter\CodeIgniter->run()
 5 SYSTEMPATH\Commands\Server\rewrite.php(47): require_once('D:\\development\\Proyectos\\ITST\\asesorias\\public\\index.php')
INFO - 2023-06-01 17:17:31 --> Session: Class initialized using 'CodeIgniter\Session\Handlers\FileHandler' driver.
WARNING - 2023-06-01 17:17:31 --> [DEPRECATED] Creation of dynamic property App\Controllers\RegistroController::$session is deprecated in APPPATH\Controllers\RegistroController.php on line 22.
 1 SYSTEMPATH\CodeIgniter.php(906): App\Controllers\RegistroController->__construct()
 2 SYSTEMPATH\CodeIgniter.php(490): CodeIgniter\CodeIgniter->createController()
 3 SYSTEMPATH\CodeIgniter.php(368): CodeIgniter\CodeIgniter->handleRequest(null, Object(Config\Cache), false)
 4 FCPATH\index.php(67): CodeIgniter\CodeIgniter->run()
 5 SYSTEMPATH\Commands\Server\rewrite.php(47): require_once('D:\\development\\Proyectos\\ITST\\asesorias\\public\\index.php')
INFO - 2023-06-01 17:17:54 --> Session: Class initialized using 'CodeIgniter\Session\Handlers\FileHandler' driver.
WARNING - 2023-06-01 17:17:54 --> [DEPRECATED] Creation of dynamic property App\Controllers\RegistroController::$session is deprecated in APPPATH\Controllers\RegistroController.php on line 22.
 1 SYSTEMPATH\CodeIgniter.php(906): App\Controllers\RegistroController->__construct()
 2 SYSTEMPATH\CodeIgniter.php(490): CodeIgniter\CodeIgniter->createController()
 3 SYSTEMPATH\CodeIgniter.php(368): CodeIgniter\CodeIgniter->handleRequest(null, Object(Config\Cache), false)
 4 FCPATH\index.php(67): CodeIgniter\CodeIgniter->run()
 5 SYSTEMPATH\Commands\Server\rewrite.php(47): require_once('D:\\development\\Proyectos\\ITST\\asesorias\\public\\index.php')
INFO - 2023-06-01 17:18:01 --> Session: Class initialized using 'CodeIgniter\Session\Handlers\FileHandler' driver.
WARNING - 2023-06-01 17:18:01 --> [DEPRECATED] Creation of dynamic property App\Controllers\RegistroController::$session is deprecated in APPPATH\Controllers\RegistroController.php on line 22.
 1 SYSTEMPATH\CodeIgniter.php(906): App\Controllers\RegistroController->__construct()
 2 SYSTEMPATH\CodeIgniter.php(490): CodeIgniter\CodeIgniter->createController()
 3 SYSTEMPATH\CodeIgniter.php(368): CodeIgniter\CodeIgniter->handleRequest(null, Object(Config\Cache), false)
 4 FCPATH\index.php(67): CodeIgniter\CodeIgniter->run()
 5 SYSTEMPATH\Commands\Server\rewrite.php(47): require_once('D:\\development\\Proyectos\\ITST\\asesorias\\public\\index.php')
INFO - 2023-06-01 17:18:29 --> Session: Class initialized using 'CodeIgniter\Session\Handlers\FileHandler' driver.
WARNING - 2023-06-01 17:18:29 --> [DEPRECATED] Creation of dynamic property App\Controllers\RegistroController::$session is deprecated in APPPATH\Controllers\RegistroController.php on line 22.
 1 SYSTEMPATH\CodeIgniter.php(906): App\Controllers\RegistroController->__construct()
 2 SYSTEMPATH\CodeIgniter.php(490): CodeIgniter\CodeIgniter->createController()
 3 SYSTEMPATH\CodeIgniter.php(368): CodeIgniter\CodeIgniter->handleRequest(null, Object(Config\Cache), false)
 4 FCPATH\index.php(67): CodeIgniter\CodeIgniter->run()
 5 SYSTEMPATH\Commands\Server\rewrite.php(47): require_once('D:\\development\\Proyectos\\ITST\\asesorias\\public\\index.php')
INFO - 2023-06-01 17:19:30 --> Session: Class initialized using 'CodeIgniter\Session\Handlers\FileHandler' driver.
WARNING - 2023-06-01 17:19:30 --> [DEPRECATED] Creation of dynamic property App\Controllers\RegistroController::$session is deprecated in APPPATH\Controllers\RegistroController.php on line 22.
 1 SYSTEMPATH\CodeIgniter.php(906): App\Controllers\RegistroController->__construct()
 2 SYSTEMPATH\CodeIgniter.php(490): CodeIgniter\CodeIgniter->createController()
 3 SYSTEMPATH\CodeIgniter.php(368): CodeIgniter\CodeIgniter->handleRequest(null, Object(Config\Cache), false)
 4 FCPATH\index.php(67): CodeIgniter\CodeIgniter->run()
 5 SYSTEMPATH\Commands\Server\rewrite.php(47): require_once('D:\\development\\Proyectos\\ITST\\asesorias\\public\\index.php')
INFO - 2023-06-01 17:19:52 --> Session: Class initialized using 'CodeIgniter\Session\Handlers\FileHandler' driver.
WARNING - 2023-06-01 17:19:52 --> [DEPRECATED] Creation of dynamic property App\Controllers\RegistroController::$session is deprecated in APPPATH\Controllers\RegistroController.php on line 22.
 1 SYSTEMPATH\CodeIgniter.php(906): App\Controllers\RegistroController->__construct()
 2 SYSTEMPATH\CodeIgniter.php(490): CodeIgniter\CodeIgniter->createController()
 3 SYSTEMPATH\CodeIgniter.php(368): CodeIgniter\CodeIgniter->handleRequest(null, Object(Config\Cache), false)
 4 FCPATH\index.php(67): CodeIgniter\CodeIgniter->run()
 5 SYSTEMPATH\Commands\Server\rewrite.php(47): require_once('D:\\development\\Proyectos\\ITST\\asesorias\\public\\index.php')
INFO - 2023-06-01 17:20:09 --> Session: Class initialized using 'CodeIgniter\Session\Handlers\FileHandler' driver.
WARNING - 2023-06-01 17:20:09 --> [DEPRECATED] Creation of dynamic property App\Controllers\RegistroController::$session is deprecated in APPPATH\Controllers\RegistroController.php on line 22.
 1 SYSTEMPATH\CodeIgniter.php(906): App\Controllers\RegistroController->__construct()
 2 SYSTEMPATH\CodeIgniter.php(490): CodeIgniter\CodeIgniter->createController()
 3 SYSTEMPATH\CodeIgniter.php(368): CodeIgniter\CodeIgniter->handleRequest(null, Object(Config\Cache), false)
 4 FCPATH\index.php(67): CodeIgniter\CodeIgniter->run()
 5 SYSTEMPATH\Commands\Server\rewrite.php(47): require_once('D:\\development\\Proyectos\\ITST\\asesorias\\public\\index.php')
INFO - 2023-06-01 17:20:22 --> Session: Class initialized using 'CodeIgniter\Session\Handlers\FileHandler' driver.
WARNING - 2023-06-01 17:20:22 --> [DEPRECATED] Creation of dynamic property App\Controllers\RegistroController::$session is deprecated in APPPATH\Controllers\RegistroController.php on line 22.
 1 SYSTEMPATH\CodeIgniter.php(906): App\Controllers\RegistroController->__construct()
 2 SYSTEMPATH\CodeIgniter.php(490): CodeIgniter\CodeIgniter->createController()
 3 SYSTEMPATH\CodeIgniter.php(368): CodeIgniter\CodeIgniter->handleRequest(null, Object(Config\Cache), false)
 4 FCPATH\index.php(67): CodeIgniter\CodeIgniter->run()
 5 SYSTEMPATH\Commands\Server\rewrite.php(47): require_once('D:\\development\\Proyectos\\ITST\\asesorias\\public\\index.php')
INFO - 2023-06-01 17:20:23 --> Session: Class initialized using 'CodeIgniter\Session\Handlers\FileHandler' driver.
WARNING - 2023-06-01 17:20:23 --> [DEPRECATED] Creation of dynamic property App\Controllers\RegistroController::$session is deprecated in APPPATH\Controllers\RegistroController.php on line 22.
 1 SYSTEMPATH\CodeIgniter.php(906): App\Controllers\RegistroController->__construct()
 2 SYSTEMPATH\CodeIgniter.php(490): CodeIgniter\CodeIgniter->createController()
 3 SYSTEMPATH\CodeIgniter.php(368): CodeIgniter\CodeIgniter->handleRequest(null, Object(Config\Cache), false)
 4 FCPATH\index.php(67): CodeIgniter\CodeIgniter->run()
 5 SYSTEMPATH\Commands\Server\rewrite.php(47): require_once('D:\\development\\Proyectos\\ITST\\asesorias\\public\\index.php')
INFO - 2023-06-01 17:20:49 --> Session: Class initialized using 'CodeIgniter\Session\Handlers\FileHandler' driver.
WARNING - 2023-06-01 17:20:49 --> [DEPRECATED] Creation of dynamic property App\Controllers\RegistroController::$session is deprecated in APPPATH\Controllers\RegistroController.php on line 22.
 1 SYSTEMPATH\CodeIgniter.php(906): App\Controllers\RegistroController->__construct()
 2 SYSTEMPATH\CodeIgniter.php(490): CodeIgniter\CodeIgniter->createController()
 3 SYSTEMPATH\CodeIgniter.php(368): CodeIgniter\CodeIgniter->handleRequest(null, Object(Config\Cache), false)
 4 FCPATH\index.php(67): CodeIgniter\CodeIgniter->run()
 5 SYSTEMPATH\Commands\Server\rewrite.php(47): require_once('D:\\development\\Proyectos\\ITST\\asesorias\\public\\index.php')
INFO - 2023-06-01 17:21:01 --> Session: Class initialized using 'CodeIgniter\Session\Handlers\FileHandler' driver.
WARNING - 2023-06-01 17:21:01 --> [DEPRECATED] Creation of dynamic property App\Controllers\RegistroController::$session is deprecated in APPPATH\Controllers\RegistroController.php on line 22.
 1 SYSTEMPATH\CodeIgniter.php(906): App\Controllers\RegistroController->__construct()
 2 SYSTEMPATH\CodeIgniter.php(490): CodeIgniter\CodeIgniter->createController()
 3 SYSTEMPATH\CodeIgniter.php(368): CodeIgniter\CodeIgniter->handleRequest(null, Object(Config\Cache), false)
 4 FCPATH\index.php(67): CodeIgniter\CodeIgniter->run()
 5 SYSTEMPATH\Commands\Server\rewrite.php(47): require_once('D:\\development\\Proyectos\\ITST\\asesorias\\public\\index.php')
INFO - 2023-06-01 17:23:04 --> Session: Class initialized using 'CodeIgniter\Session\Handlers\FileHandler' driver.
WARNING - 2023-06-01 17:23:04 --> [DEPRECATED] Creation of dynamic property App\Controllers\RegistroController::$session is deprecated in APPPATH\Controllers\RegistroController.php on line 22.
 1 SYSTEMPATH\CodeIgniter.php(906): App\Controllers\RegistroController->__construct()
 2 SYSTEMPATH\CodeIgniter.php(490): CodeIgniter\CodeIgniter->createController()
 3 SYSTEMPATH\CodeIgniter.php(368): CodeIgniter\CodeIgniter->handleRequest(null, Object(Config\Cache), false)
 4 FCPATH\index.php(67): CodeIgniter\CodeIgniter->run()
 5 SYSTEMPATH\Commands\Server\rewrite.php(47): require_once('D:\\development\\Proyectos\\ITST\\asesorias\\public\\index.php')
INFO - 2023-06-01 17:23:08 --> Session: Class initialized using 'CodeIgniter\Session\Handlers\FileHandler' driver.
WARNING - 2023-06-01 17:23:08 --> [DEPRECATED] Creation of dynamic property App\Controllers\RegistroController::$session is deprecated in APPPATH\Controllers\RegistroController.php on line 22.
 1 SYSTEMPATH\CodeIgniter.php(906): App\Controllers\RegistroController->__construct()
 2 SYSTEMPATH\CodeIgniter.php(490): CodeIgniter\CodeIgniter->createController()
 3 SYSTEMPATH\CodeIgniter.php(368): CodeIgniter\CodeIgniter->handleRequest(null, Object(Config\Cache), false)
 4 FCPATH\index.php(67): CodeIgniter\CodeIgniter->run()
 5 SYSTEMPATH\Commands\Server\rewrite.php(47): require_once('D:\\development\\Proyectos\\ITST\\asesorias\\public\\index.php')
INFO - 2023-06-01 17:42:18 --> Session: Class initialized using 'CodeIgniter\Session\Handlers\FileHandler' driver.
WARNING - 2023-06-01 17:42:18 --> [DEPRECATED] Creation of dynamic property App\Controllers\RegistroController::$session is deprecated in APPPATH\Controllers\RegistroController.php on line 22.
 1 SYSTEMPATH\CodeIgniter.php(906): App\Controllers\RegistroController->__construct()
 2 SYSTEMPATH\CodeIgniter.php(490): CodeIgniter\CodeIgniter->createController()
 3 SYSTEMPATH\CodeIgniter.php(368): CodeIgniter\CodeIgniter->handleRequest(null, Object(Config\Cache), false)
 4 FCPATH\index.php(67): CodeIgniter\CodeIgniter->run()
 5 SYSTEMPATH\Commands\Server\rewrite.php(47): require_once('D:\\development\\Proyectos\\ITST\\asesorias\\public\\index.php')
INFO - 2023-06-01 17:42:30 --> Session: Class initialized using 'CodeIgniter\Session\Handlers\FileHandler' driver.
WARNING - 2023-06-01 17:42:30 --> [DEPRECATED] Creation of dynamic property App\Controllers\RegistroController::$session is deprecated in APPPATH\Controllers\RegistroController.php on line 22.
 1 SYSTEMPATH\CodeIgniter.php(906): App\Controllers\RegistroController->__construct()
 2 SYSTEMPATH\CodeIgniter.php(490): CodeIgniter\CodeIgniter->createController()
 3 SYSTEMPATH\CodeIgniter.php(368): CodeIgniter\CodeIgniter->handleRequest(null, Object(Config\Cache), false)
 4 FCPATH\index.php(67): CodeIgniter\CodeIgniter->run()
 5 SYSTEMPATH\Commands\Server\rewrite.php(47): require_once('D:\\development\\Proyectos\\ITST\\asesorias\\public\\index.php')
