INFO - 2023-05-30 12:57:05 --> Session: Class initialized using 'CodeIgniter\Session\Handlers\FileHandler' driver.
INFO - 2023-05-30 12:57:13 --> Session: Class initialized using 'CodeIgniter\Session\Handlers\FileHandler' driver.
ERROR - 2023-05-30 12:57:39 --> mysqli_sql_exception: Duplicate entry 'edgar.degante.a@gmail.com' for key 'email' in /run/media/usrx/DEVELOPMENT/development/Proyectos/ITST/asesorias/system/Database/MySQLi/Connection.php:295
Stack trace:
#0 /run/media/usrx/DEVELOPMENT/development/Proyectos/ITST/asesorias/system/Database/MySQLi/Connection.php(295): mysqli->query()
#1 /run/media/usrx/DEVELOPMENT/development/Proyectos/ITST/asesorias/system/Database/BaseConnection.php(691): CodeIgniter\Database\MySQLi\Connection->execute()
#2 /run/media/usrx/DEVELOPMENT/development/Proyectos/ITST/asesorias/system/Database/BaseConnection.php(605): CodeIgniter\Database\BaseConnection->simpleQuery()
#3 /run/media/usrx/DEVELOPMENT/development/Proyectos/ITST/asesorias/system/Database/BaseBuilder.php(1801): CodeIgniter\Database\BaseConnection->query()
#4 /run/media/usrx/DEVELOPMENT/development/Proyectos/ITST/asesorias/system/Database/BaseBuilder.php(2192): CodeIgniter\Database\BaseBuilder->batchExecute()
#5 /run/media/usrx/DEVELOPMENT/development/Proyectos/ITST/asesorias/system/Model.php(364): CodeIgniter\Database\BaseBuilder->insertBatch()
#6 /run/media/usrx/DEVELOPMENT/development/Proyectos/ITST/asesorias/system/BaseModel.php(874): CodeIgniter\Model->doInsertBatch()
#7 /run/media/usrx/DEVELOPMENT/development/Proyectos/ITST/asesorias/app/Database/Seeds/Usuario.php(17): CodeIgniter\BaseModel->insertBatch()
#8 /run/media/usrx/DEVELOPMENT/development/Proyectos/ITST/asesorias/system/Database/Seeder.php(146): App\Database\Seeds\Usuario->run()
#9 /run/media/usrx/DEVELOPMENT/development/Proyectos/ITST/asesorias/system/Commands/Database/Seed.php(77): CodeIgniter\Database\Seeder->call()
#10 /run/media/usrx/DEVELOPMENT/development/Proyectos/ITST/asesorias/system/CLI/Commands.php(65): CodeIgniter\Commands\Database\Seed->run()
#11 /run/media/usrx/DEVELOPMENT/development/Proyectos/ITST/asesorias/system/CLI/Console.php(37): CodeIgniter\CLI\Commands->run()
#12 /run/media/usrx/DEVELOPMENT/development/Proyectos/ITST/asesorias/spark(97): CodeIgniter\CLI\Console->run()
#13 {main}
INFO - 2023-05-30 12:57:54 --> Session: Class initialized using 'CodeIgniter\Session\Handlers\FileHandler' driver.
INFO - 2023-05-30 12:57:54 --> Session: Class initialized using 'CodeIgniter\Session\Handlers\FileHandler' driver.
INFO - 2023-05-30 12:58:03 --> Session: Class initialized using 'CodeIgniter\Session\Handlers\FileHandler' driver.
WARNING - 2023-05-30 12:58:03 --> [DEPRECATED] Creation of dynamic property App\Controllers\Admin\EstudianteController::$session is deprecated in APPPATH/Controllers/Admin/EstudianteController.php on line 16.
 1 SYSTEMPATH/CodeIgniter.php(906): App\Controllers\Admin\EstudianteController->__construct()
 2 SYSTEMPATH/CodeIgniter.php(490): CodeIgniter\CodeIgniter->createController()
 3 SYSTEMPATH/CodeIgniter.php(368): CodeIgniter\CodeIgniter->handleRequest(null, Object(Config\Cache), false)
 4 FCPATH/index.php(67): CodeIgniter\CodeIgniter->run()
 5 SYSTEMPATH/Commands/Server/rewrite.php(47): require_once('/run/media/usrx/DEVELOPMENT/development/Proyectos/ITST/asesorias/public/index.php')
INFO - 2023-05-30 12:58:12 --> Session: Class initialized using 'CodeIgniter\Session\Handlers\FileHandler' driver.
WARNING - 2023-05-30 12:58:12 --> [DEPRECATED] Creation of dynamic property App\Controllers\Admin\EstudianteController::$session is deprecated in APPPATH/Controllers/Admin/EstudianteController.php on line 16.
 1 SYSTEMPATH/CodeIgniter.php(906): App\Controllers\Admin\EstudianteController->__construct()
 2 SYSTEMPATH/CodeIgniter.php(490): CodeIgniter\CodeIgniter->createController()
 3 SYSTEMPATH/CodeIgniter.php(368): CodeIgniter\CodeIgniter->handleRequest(null, Object(Config\Cache), false)
 4 FCPATH/index.php(67): CodeIgniter\CodeIgniter->run()
 5 SYSTEMPATH/Commands/Server/rewrite.php(47): require_once('/run/media/usrx/DEVELOPMENT/development/Proyectos/ITST/asesorias/public/index.php')
INFO - 2023-05-30 12:58:13 --> Session: Class initialized using 'CodeIgniter\Session\Handlers\FileHandler' driver.
WARNING - 2023-05-30 12:58:13 --> [DEPRECATED] Creation of dynamic property App\Controllers\Admin\EstudianteController::$session is deprecated in APPPATH/Controllers/Admin/EstudianteController.php on line 16.
 1 SYSTEMPATH/CodeIgniter.php(906): App\Controllers\Admin\EstudianteController->__construct()
 2 SYSTEMPATH/CodeIgniter.php(490): CodeIgniter\CodeIgniter->createController()
 3 SYSTEMPATH/CodeIgniter.php(368): CodeIgniter\CodeIgniter->handleRequest(null, Object(Config\Cache), false)
 4 FCPATH/index.php(67): CodeIgniter\CodeIgniter->run()
 5 SYSTEMPATH/Commands/Server/rewrite.php(47): require_once('/run/media/usrx/DEVELOPMENT/development/Proyectos/ITST/asesorias/public/index.php')
INFO - 2023-05-30 12:58:13 --> Session: Class initialized using 'CodeIgniter\Session\Handlers\FileHandler' driver.
WARNING - 2023-05-30 12:58:13 --> [DEPRECATED] Creation of dynamic property App\Controllers\Admin\EstudianteController::$session is deprecated in APPPATH/Controllers/Admin/EstudianteController.php on line 16.
 1 SYSTEMPATH/CodeIgniter.php(906): App\Controllers\Admin\EstudianteController->__construct()
 2 SYSTEMPATH/CodeIgniter.php(490): CodeIgniter\CodeIgniter->createController()
 3 SYSTEMPATH/CodeIgniter.php(368): CodeIgniter\CodeIgniter->handleRequest(null, Object(Config\Cache), false)
 4 FCPATH/index.php(67): CodeIgniter\CodeIgniter->run()
 5 SYSTEMPATH/Commands/Server/rewrite.php(47): require_once('/run/media/usrx/DEVELOPMENT/development/Proyectos/ITST/asesorias/public/index.php')
INFO - 2023-05-30 12:58:13 --> Session: Class initialized using 'CodeIgniter\Session\Handlers\FileHandler' driver.
WARNING - 2023-05-30 12:58:13 --> [DEPRECATED] Creation of dynamic property App\Controllers\Admin\EstudianteController::$session is deprecated in APPPATH/Controllers/Admin/EstudianteController.php on line 16.
 1 SYSTEMPATH/CodeIgniter.php(906): App\Controllers\Admin\EstudianteController->__construct()
 2 SYSTEMPATH/CodeIgniter.php(490): CodeIgniter\CodeIgniter->createController()
 3 SYSTEMPATH/CodeIgniter.php(368): CodeIgniter\CodeIgniter->handleRequest(null, Object(Config\Cache), false)
 4 FCPATH/index.php(67): CodeIgniter\CodeIgniter->run()
 5 SYSTEMPATH/Commands/Server/rewrite.php(47): require_once('/run/media/usrx/DEVELOPMENT/development/Proyectos/ITST/asesorias/public/index.php')
INFO - 2023-05-30 12:58:13 --> Session: Class initialized using 'CodeIgniter\Session\Handlers\FileHandler' driver.
WARNING - 2023-05-30 12:58:13 --> [DEPRECATED] Creation of dynamic property App\Controllers\Admin\EstudianteController::$session is deprecated in APPPATH/Controllers/Admin/EstudianteController.php on line 16.
 1 SYSTEMPATH/CodeIgniter.php(906): App\Controllers\Admin\EstudianteController->__construct()
 2 SYSTEMPATH/CodeIgniter.php(490): CodeIgniter\CodeIgniter->createController()
 3 SYSTEMPATH/CodeIgniter.php(368): CodeIgniter\CodeIgniter->handleRequest(null, Object(Config\Cache), false)
 4 FCPATH/index.php(67): CodeIgniter\CodeIgniter->run()
 5 SYSTEMPATH/Commands/Server/rewrite.php(47): require_once('/run/media/usrx/DEVELOPMENT/development/Proyectos/ITST/asesorias/public/index.php')
INFO - 2023-05-30 12:58:13 --> Session: Class initialized using 'CodeIgniter\Session\Handlers\FileHandler' driver.
WARNING - 2023-05-30 12:58:13 --> [DEPRECATED] Creation of dynamic property App\Controllers\Admin\EstudianteController::$session is deprecated in APPPATH/Controllers/Admin/EstudianteController.php on line 16.
 1 SYSTEMPATH/CodeIgniter.php(906): App\Controllers\Admin\EstudianteController->__construct()
 2 SYSTEMPATH/CodeIgniter.php(490): CodeIgniter\CodeIgniter->createController()
 3 SYSTEMPATH/CodeIgniter.php(368): CodeIgniter\CodeIgniter->handleRequest(null, Object(Config\Cache), false)
 4 FCPATH/index.php(67): CodeIgniter\CodeIgniter->run()
 5 SYSTEMPATH/Commands/Server/rewrite.php(47): require_once('/run/media/usrx/DEVELOPMENT/development/Proyectos/ITST/asesorias/public/index.php')
INFO - 2023-05-30 12:58:13 --> Session: Class initialized using 'CodeIgniter\Session\Handlers\FileHandler' driver.
WARNING - 2023-05-30 12:58:13 --> [DEPRECATED] Creation of dynamic property App\Controllers\Admin\EstudianteController::$session is deprecated in APPPATH/Controllers/Admin/EstudianteController.php on line 16.
 1 SYSTEMPATH/CodeIgniter.php(906): App\Controllers\Admin\EstudianteController->__construct()
 2 SYSTEMPATH/CodeIgniter.php(490): CodeIgniter\CodeIgniter->createController()
 3 SYSTEMPATH/CodeIgniter.php(368): CodeIgniter\CodeIgniter->handleRequest(null, Object(Config\Cache), false)
 4 FCPATH/index.php(67): CodeIgniter\CodeIgniter->run()
 5 SYSTEMPATH/Commands/Server/rewrite.php(47): require_once('/run/media/usrx/DEVELOPMENT/development/Proyectos/ITST/asesorias/public/index.php')
INFO - 2023-05-30 12:59:01 --> Session: Class initialized using 'CodeIgniter\Session\Handlers\FileHandler' driver.
WARNING - 2023-05-30 12:59:01 --> [DEPRECATED] Creation of dynamic property App\Controllers\Admin\UsuarioController::$session is deprecated in APPPATH/Controllers/Admin/UsuarioController.php on line 17.
 1 SYSTEMPATH/CodeIgniter.php(906): App\Controllers\Admin\UsuarioController->__construct()
 2 SYSTEMPATH/CodeIgniter.php(490): CodeIgniter\CodeIgniter->createController()
 3 SYSTEMPATH/CodeIgniter.php(368): CodeIgniter\CodeIgniter->handleRequest(null, Object(Config\Cache), false)
 4 FCPATH/index.php(67): CodeIgniter\CodeIgniter->run()
 5 SYSTEMPATH/Commands/Server/rewrite.php(47): require_once('/run/media/usrx/DEVELOPMENT/development/Proyectos/ITST/asesorias/public/index.php')
INFO - 2023-05-30 17:30:15 --> Session: Class initialized using 'CodeIgniter\Session\Handlers\FileHandler' driver.
INFO - 2023-05-30 17:30:21 --> Session: Class initialized using 'CodeIgniter\Session\Handlers\FileHandler' driver.
INFO - 2023-05-30 17:30:21 --> Session: Class initialized using 'CodeIgniter\Session\Handlers\FileHandler' driver.
INFO - 2023-05-30 17:34:18 --> Session: Class initialized using 'CodeIgniter\Session\Handlers\FileHandler' driver.
INFO - 2023-05-30 17:36:06 --> Session: Class initialized using 'CodeIgniter\Session\Handlers\FileHandler' driver.
INFO - 2023-05-30 17:36:06 --> Session: Class initialized using 'CodeIgniter\Session\Handlers\FileHandler' driver.
CRITICAL - 2023-05-30 17:36:38 --> Invalid file: "registro/create.php"
in SYSTEMPATH/Exceptions/FrameworkException.php on line 33.
 1 SYSTEMPATH/View/View.php(201): CodeIgniter\Exceptions\FrameworkException::forInvalidFile()
 2 SYSTEMPATH/Common.php(1184): CodeIgniter\View\View->render()
 3 APPPATH/Controllers/RegistroController.php(36): view()
 4 SYSTEMPATH/CodeIgniter.php(934): App\Controllers\RegistroController->new()
 5 SYSTEMPATH/CodeIgniter.php(499): CodeIgniter\CodeIgniter->runController()
 6 SYSTEMPATH/CodeIgniter.php(368): CodeIgniter\CodeIgniter->handleRequest()
 7 FCPATH/index.php(67): CodeIgniter\CodeIgniter->run()
 8 SYSTEMPATH/Commands/Server/rewrite.php(47): require_once('/run/media/usrx/DEVELOPMENT/development/Proyectos/ITST/asesorias/public/index.php')
CRITICAL - 2023-05-30 17:37:03 --> Call to undefined function set_value()
in APPPATH/Views/usuario/registro/create.php on line 31.
 1 SYSTEMPATH/View/View.php(213): include()
 2 SYSTEMPATH/View/View.php(216): CodeIgniter\View\View->CodeIgniter\View\{closure}()
 3 SYSTEMPATH/Common.php(1184): CodeIgniter\View\View->render()
 4 APPPATH/Controllers/RegistroController.php(36): view()
 5 SYSTEMPATH/CodeIgniter.php(934): App\Controllers\RegistroController->new()
 6 SYSTEMPATH/CodeIgniter.php(499): CodeIgniter\CodeIgniter->runController()
 7 SYSTEMPATH/CodeIgniter.php(368): CodeIgniter\CodeIgniter->handleRequest()
 8 FCPATH/index.php(67): CodeIgniter\CodeIgniter->run()
 9 SYSTEMPATH/Commands/Server/rewrite.php(47): require_once('/run/media/usrx/DEVELOPMENT/development/Proyectos/ITST/asesorias/public/index.php')
